{"timestamp":"2026-02-10T21:26:19.572455","level":"DEBUG","tag":"","message":"[FLINT] ⚠️ Hot reload is ENABLED.","error":null,"stack":null}
{"timestamp":"2026-02-10T21:26:19.592904","level":"DEBUG","tag":"","message":"FLINT_HOT=null","error":null,"stack":null}
{"timestamp":"2026-02-10T21:26:19.597138","level":"DEBUG","tag":"","message":"[FLINT] Starting Parent Launcher (PID: 49853)...","error":null,"stack":null}
{"timestamp":"2026-02-10T21:26:19.893134","level":"DEBUG","tag":"","message":"[DEBUG] Swagger UI directory: /home/aim/Projects/eulogia/flint/flint_dart/lib/swagger/swagger-ui","error":null,"stack":null}
{"timestamp":"2026-02-10T21:26:24.299093","level":"DEBUG","tag":"","message":"🔥 Flint Hot Reload Watcher Started","error":null,"stack":null}
{"timestamp":"2026-02-10T21:26:24.337863","level":"DEBUG","tag":"","message":"📂 Watching: lib/","error":null,"stack":null}
{"timestamp":"2026-02-10T21:26:24.338409","level":"DEBUG","tag":"","message":"⏱️  Debounce: 300ms for templates, 500ms for server code","error":null,"stack":null}
{"timestamp":"2026-02-10T21:26:24.339024","level":"DEBUG","tag":"","message":"📡 Server endpoint: http://localhost:3030/_flint/internal/hot-reload","error":null,"stack":null}
{"timestamp":"2026-02-10T21:26:24.339417","level":"DEBUG","tag":"","message":"────────────────────────────────────────────────","error":null,"stack":null}
{"timestamp":"2026-02-10T21:26:24.342061","level":"DEBUG","tag":"","message":"🚀 Starting server...","error":null,"stack":null}
{"timestamp":"2026-02-10T21:26:26.501060","level":"DEBUG","tag":"","message":"✅ Server started","error":null,"stack":null}
{"timestamp":"2026-02-10T21:26:39.738018","level":"DEBUG","tag":"","message":"[FLINT] ⚠️ Hot reload is ENABLED.","error":null,"stack":null}
{"timestamp":"2026-02-10T21:26:39.754610","level":"DEBUG","tag":"","message":"FLINT_HOT=1","error":null,"stack":null}
{"timestamp":"2026-02-10T21:26:39.820166","level":"DEBUG","tag":"","message":"[FLINT] Server Worker running on http://localhost:3030 (PID: 50064)","error":null,"stack":null}
{"timestamp":"2026-02-10T21:26:39.834666","level":"DEBUG","tag":"","message":"[FLINT] Database auto-connected via .env","error":null,"stack":null}
{"timestamp":"2026-02-10T21:26:39.839872","level":"DEBUG","tag":"","message":"📧 Mail server configured for Eucloudhost <noreply@eulogia.net>@smtp.gmail.com","error":null,"stack":null}
{"timestamp":"2026-02-10T21:26:39.842289","level":"INFO","tag":"","message":"📧 Mail configured using provider: gmail","error":null,"stack":null}
{"timestamp":"2026-02-10T21:26:40.217863","level":"DEBUG","tag":"","message":"[DEBUG] Swagger UI directory: /home/aim/Projects/eulogia/flint/flint_dart/lib/swagger/swagger-ui","error":null,"stack":null}
{"timestamp":"2026-02-10T21:26:40.355190","level":"DEBUG","tag":"","message":"✅ MySQL connected to flint_docs@localhost:3306","error":null,"stack":null}
{"timestamp":"2026-02-10T22:23:52.466519","level":"DEBUG","tag":"","message":"[HOT-RELOAD] 🔄 Template changed: guides.partials.getting-started-websocket","error":null,"stack":null}
{"timestamp":"2026-02-10T22:23:52.470007","level":"DEBUG","tag":"","message":"[HOT-RELOAD] 📁 File: lib/views/guides/partials/getting-started-websocket.flint.html","error":null,"stack":null}
{"timestamp":"2026-02-10T22:37:48.146288","level":"DEBUG","tag":"","message":"[HOT-RELOAD] 🔄 Template changed: guides.partials.getting-started-websocket","error":null,"stack":null}
{"timestamp":"2026-02-10T22:37:48.150857","level":"DEBUG","tag":"","message":"[HOT-RELOAD] 📁 File: lib/views/guides/partials/getting-started-websocket.flint.html","error":null,"stack":null}
