{"timestamp":"2026-02-09T09:22:08.065771","level":"DEBUG","tag":"","message":"[FLINT] ⚠️ Hot reload is ENABLED.","error":null,"stack":null}
{"timestamp":"2026-02-09T09:22:08.071787","level":"DEBUG","tag":"","message":"FLINT_HOT=null","error":null,"stack":null}
{"timestamp":"2026-02-09T09:22:08.072985","level":"DEBUG","tag":"","message":"[FLINT] Starting Parent Launcher (PID: 14161)...","error":null,"stack":null}
{"timestamp":"2026-02-09T09:22:08.200241","level":"DEBUG","tag":"","message":"[DEBUG] Swagger UI directory: /home/aim/Projects/eulogia/flint/flint_dart/lib/swagger/swagger-ui","error":null,"stack":null}
{"timestamp":"2026-02-09T09:22:09.758253","level":"DEBUG","tag":"","message":"🔥 Flint Hot Reload Watcher Started","error":null,"stack":null}
{"timestamp":"2026-02-09T09:22:09.780553","level":"DEBUG","tag":"","message":"📂 Watching: lib/","error":null,"stack":null}
{"timestamp":"2026-02-09T09:22:09.780784","level":"DEBUG","tag":"","message":"⏱️  Debounce: 300ms for templates, 500ms for server code","error":null,"stack":null}
{"timestamp":"2026-02-09T09:22:09.781052","level":"DEBUG","tag":"","message":"📡 Server endpoint: http://localhost:3030/_flint/internal/hot-reload","error":null,"stack":null}
{"timestamp":"2026-02-09T09:22:09.781264","level":"DEBUG","tag":"","message":"────────────────────────────────────────────────","error":null,"stack":null}
{"timestamp":"2026-02-09T09:22:09.782236","level":"DEBUG","tag":"","message":"🚀 Starting server...","error":null,"stack":null}
{"timestamp":"2026-02-09T09:22:11.835993","level":"DEBUG","tag":"","message":"✅ Server started","error":null,"stack":null}
{"timestamp":"2026-02-09T09:22:15.385108","level":"DEBUG","tag":"","message":"🚀 Starting database migration...","error":null,"stack":null}
{"timestamp":"2026-02-09T09:22:16.288240","level":"DEBUG","tag":"","message":"[FLINT] ⚠️ Hot reload is ENABLED.","error":null,"stack":null}
{"timestamp":"2026-02-09T09:22:16.296328","level":"DEBUG","tag":"","message":"FLINT_HOT=1","error":null,"stack":null}
{"timestamp":"2026-02-09T09:22:16.325192","level":"DEBUG","tag":"","message":"[FLINT] Server Worker running on http://localhost:3030 (PID: 14435)","error":null,"stack":null}
{"timestamp":"2026-02-09T09:22:16.329929","level":"DEBUG","tag":"","message":"[FLINT] Database auto-connected via .env","error":null,"stack":null}
{"timestamp":"2026-02-09T09:22:16.331901","level":"DEBUG","tag":"","message":"📧 Mail server configured for Eucloudhost <noreply@eulogia.net>@smtp.gmail.com","error":null,"stack":null}
{"timestamp":"2026-02-09T09:22:16.332387","level":"INFO","tag":"","message":"📧 Mail configured using provider: gmail","error":null,"stack":null}
{"timestamp":"2026-02-09T09:22:16.571386","level":"DEBUG","tag":"","message":"[DEBUG] Swagger UI directory: /home/aim/Projects/eulogia/flint/flint_dart/lib/swagger/swagger-ui","error":null,"stack":null}
{"timestamp":"2026-02-09T09:22:16.795300","level":"DEBUG","tag":"","message":"✅ MySQL connected to flint_docs@localhost:3306","error":null,"stack":null}
{"timestamp":"2026-02-09T09:22:21.893407","level":"DEBUG","tag":"","message":"✅ MySQL connected to flint_docs@localhost:3306","error":null,"stack":null}
{"timestamp":"2026-02-09T09:22:22.128107","level":"DEBUG","tag":"","message":"📋 Loaded 4 table definitions from registry.","error":null,"stack":null}
{"timestamp":"2026-02-09T09:22:22.291686","level":"DEBUG","tag":"","message":"✅ MySQL connected to flint_docs@localhost:3306","error":null,"stack":null}
{"timestamp":"2026-02-09T09:22:22.291983","level":"DEBUG","tag":"","message":"Found 4 tables. Migrating...","error":null,"stack":null}
{"timestamp":"2026-02-09T09:22:22.293541","level":"DEBUG","tag":"","message":"   🔹 Processing table: users","error":null,"stack":null}
{"timestamp":"2026-02-09T09:22:22.338345","level":"DEBUG","tag":"","message":"⚠️ Error checking if table exists (users): type 'String' is not a subtype of type 'int' in type cast","error":null,"stack":null}
{"timestamp":"2026-02-09T09:22:22.475999","level":"DEBUG","tag":"","message":"   ✅ Table \"users\" migrated successfully.","error":null,"stack":null}
{"timestamp":"2026-02-09T09:22:22.477212","level":"DEBUG","tag":"","message":"   🔹 Processing table: blog_posts","error":null,"stack":null}
{"timestamp":"2026-02-09T09:22:22.482301","level":"DEBUG","tag":"","message":"⚠️ Error checking if table exists (blog_posts): type 'String' is not a subtype of type 'int' in type cast","error":null,"stack":null}
{"timestamp":"2026-02-09T09:22:22.512712","level":"DEBUG","tag":"","message":"   ✅ Table \"blog_posts\" migrated successfully.","error":null,"stack":null}
{"timestamp":"2026-02-09T09:22:22.513031","level":"DEBUG","tag":"","message":"   🔹 Processing table: questions","error":null,"stack":null}
{"timestamp":"2026-02-09T09:22:22.523115","level":"DEBUG","tag":"","message":"⚠️ Error checking if table exists (questions): type 'String' is not a subtype of type 'int' in type cast","error":null,"stack":null}
{"timestamp":"2026-02-09T09:22:22.548563","level":"DEBUG","tag":"","message":"   ✅ Table \"questions\" migrated successfully.","error":null,"stack":null}
{"timestamp":"2026-02-09T09:22:22.548831","level":"DEBUG","tag":"","message":"   🔹 Processing table: answers","error":null,"stack":null}
{"timestamp":"2026-02-09T09:22:22.557364","level":"DEBUG","tag":"","message":"⚠️ Error checking if table exists (answers): type 'String' is not a subtype of type 'int' in type cast","error":null,"stack":null}
{"timestamp":"2026-02-09T09:22:22.596971","level":"DEBUG","tag":"","message":"   ✅ Table \"answers\" migrated successfully.","error":null,"stack":null}
{"timestamp":"2026-02-09T09:22:22.597183","level":"DEBUG","tag":"","message":"✅ Migration completed successfully.","error":null,"stack":null}
{"timestamp":"2026-02-09T09:22:22.617242","level":"DEBUG","tag":"","message":"✅ MySQL connection closed","error":null,"stack":null}
{"timestamp":"2026-02-09T09:25:34.673107","level":"DEBUG","tag":"","message":"[HOT-RELOAD] 🔄 Restarting server...","error":null,"stack":null}
{"timestamp":"2026-02-09T09:25:34.673721","level":"DEBUG","tag":"","message":"♻️ Stopping old server...","error":null,"stack":null}
{"timestamp":"2026-02-09T09:25:34.735114","level":"DEBUG","tag":"","message":"🚀 Starting server...","error":null,"stack":null}
{"timestamp":"2026-02-09T09:25:36.745641","level":"DEBUG","tag":"","message":"✅ Server started","error":null,"stack":null}
{"timestamp":"2026-02-09T09:25:47.183370","level":"DEBUG","tag":"","message":"[FLINT] ⚠️ Hot reload is ENABLED.","error":null,"stack":null}
{"timestamp":"2026-02-09T09:25:47.203836","level":"DEBUG","tag":"","message":"FLINT_HOT=1","error":null,"stack":null}
{"timestamp":"2026-02-09T09:25:47.250798","level":"DEBUG","tag":"","message":"[FLINT] Server Worker running on http://localhost:3030 (PID: 15385)","error":null,"stack":null}
{"timestamp":"2026-02-09T09:25:47.257812","level":"DEBUG","tag":"","message":"[FLINT] Database auto-connected via .env","error":null,"stack":null}
{"timestamp":"2026-02-09T09:25:47.260496","level":"DEBUG","tag":"","message":"📧 Mail server configured for Eucloudhost <noreply@eulogia.net>@smtp.gmail.com","error":null,"stack":null}
{"timestamp":"2026-02-09T09:25:47.260815","level":"INFO","tag":"","message":"📧 Mail configured using provider: gmail","error":null,"stack":null}
{"timestamp":"2026-02-09T09:25:47.429539","level":"DEBUG","tag":"","message":"[DEBUG] Swagger UI directory: /home/aim/Projects/eulogia/flint/flint_dart/lib/swagger/swagger-ui","error":null,"stack":null}
{"timestamp":"2026-02-09T09:25:47.556129","level":"DEBUG","tag":"","message":"✅ MySQL connected to flint_docs@localhost:3306","error":null,"stack":null}
{"timestamp":"2026-02-09T09:26:34.353503","level":"DEBUG","tag":"","message":"[HOT-RELOAD] 🔄 Restarting server...","error":null,"stack":null}
{"timestamp":"2026-02-09T09:26:34.354120","level":"DEBUG","tag":"","message":"♻️ Stopping old server...","error":null,"stack":null}
{"timestamp":"2026-02-09T09:26:34.411650","level":"DEBUG","tag":"","message":"🚀 Starting server...","error":null,"stack":null}
{"timestamp":"2026-02-09T09:26:36.425769","level":"DEBUG","tag":"","message":"✅ Server started","error":null,"stack":null}
{"timestamp":"2026-02-09T09:26:45.181266","level":"DEBUG","tag":"","message":"[FLINT] ⚠️ Hot reload is ENABLED.","error":null,"stack":null}
{"timestamp":"2026-02-09T09:26:45.192570","level":"DEBUG","tag":"","message":"FLINT_HOT=1","error":null,"stack":null}
{"timestamp":"2026-02-09T09:26:45.219433","level":"DEBUG","tag":"","message":"[FLINT] Server Worker running on http://localhost:3030 (PID: 15814)","error":null,"stack":null}
{"timestamp":"2026-02-09T09:26:45.224125","level":"DEBUG","tag":"","message":"[FLINT] Database auto-connected via .env","error":null,"stack":null}
{"timestamp":"2026-02-09T09:26:45.225999","level":"DEBUG","tag":"","message":"📧 Mail server configured for Eucloudhost <noreply@eulogia.net>@smtp.gmail.com","error":null,"stack":null}
{"timestamp":"2026-02-09T09:26:45.226641","level":"INFO","tag":"","message":"📧 Mail configured using provider: gmail","error":null,"stack":null}
{"timestamp":"2026-02-09T09:26:45.384927","level":"DEBUG","tag":"","message":"[DEBUG] Swagger UI directory: /home/aim/Projects/eulogia/flint/flint_dart/lib/swagger/swagger-ui","error":null,"stack":null}
{"timestamp":"2026-02-09T09:26:45.522607","level":"DEBUG","tag":"","message":"✅ MySQL connected to flint_docs@localhost:3306","error":null,"stack":null}
{"timestamp":"2026-02-09T09:27:25.669577","level":"DEBUG","tag":"","message":"[HOT-RELOAD] 🔄 Template changed: questions.show","error":null,"stack":null}
{"timestamp":"2026-02-09T09:27:25.669969","level":"DEBUG","tag":"","message":"[HOT-RELOAD] 📁 File: lib/views/questions/show.flint.html","error":null,"stack":null}
{"timestamp":"2026-02-09T09:28:17.812570","level":"DEBUG","tag":"","message":"[HOT-RELOAD] 🔄 Template changed: blog.show","error":null,"stack":null}
{"timestamp":"2026-02-09T09:28:17.814294","level":"DEBUG","tag":"","message":"[HOT-RELOAD] 📁 File: lib/views/blog/show.flint.html","error":null,"stack":null}
{"timestamp":"2026-02-09T09:33:47.227197","level":"DEBUG","tag":"","message":"","error":"MySQLServerException [1146]: Table 'flint_docs.comments' doesn't exist","stack":null}
{"timestamp":"2026-02-09T09:33:47.228495","level":"DEBUG","tag":"","message":"","error":"MySQLServerException [1146]: Table 'flint_docs.comments' doesn't exist","stack":null}
{"timestamp":"2026-02-09T09:33:54.562554","level":"DEBUG","tag":"","message":"🚀 Starting database migration...","error":null,"stack":null}
{"timestamp":"2026-02-09T09:34:01.609077","level":"DEBUG","tag":"","message":"✅ MySQL connected to flint_docs@localhost:3306","error":null,"stack":null}
{"timestamp":"2026-02-09T09:34:01.712171","level":"DEBUG","tag":"","message":"📋 Loaded 5 table definitions from registry.","error":null,"stack":null}
{"timestamp":"2026-02-09T09:34:01.894690","level":"DEBUG","tag":"","message":"✅ MySQL connected to flint_docs@localhost:3306","error":null,"stack":null}
{"timestamp":"2026-02-09T09:34:01.894933","level":"DEBUG","tag":"","message":"Found 5 tables. Migrating...","error":null,"stack":null}
{"timestamp":"2026-02-09T09:34:01.896321","level":"DEBUG","tag":"","message":"   🔹 Processing table: users","error":null,"stack":null}
{"timestamp":"2026-02-09T09:34:01.945445","level":"DEBUG","tag":"","message":"⚠️ Error checking if table exists (users): type 'String' is not a subtype of type 'int' in type cast","error":null,"stack":null}
{"timestamp":"2026-02-09T09:34:02.014705","level":"DEBUG","tag":"","message":"   ✅ Table \"users\" migrated successfully.","error":null,"stack":null}
{"timestamp":"2026-02-09T09:34:02.017537","level":"DEBUG","tag":"","message":"   🔹 Processing table: blog_posts","error":null,"stack":null}
{"timestamp":"2026-02-09T09:34:02.024896","level":"DEBUG","tag":"","message":"⚠️ Error checking if table exists (blog_posts): type 'String' is not a subtype of type 'int' in type cast","error":null,"stack":null}
{"timestamp":"2026-02-09T09:34:02.054046","level":"DEBUG","tag":"","message":"   ✅ Table \"blog_posts\" migrated successfully.","error":null,"stack":null}
{"timestamp":"2026-02-09T09:34:02.054313","level":"DEBUG","tag":"","message":"   🔹 Processing table: questions","error":null,"stack":null}
{"timestamp":"2026-02-09T09:34:02.058643","level":"DEBUG","tag":"","message":"⚠️ Error checking if table exists (questions): type 'String' is not a subtype of type 'int' in type cast","error":null,"stack":null}
{"timestamp":"2026-02-09T09:34:02.095301","level":"DEBUG","tag":"","message":"   ✅ Table \"questions\" migrated successfully.","error":null,"stack":null}
{"timestamp":"2026-02-09T09:34:02.095782","level":"DEBUG","tag":"","message":"   🔹 Processing table: answers","error":null,"stack":null}
{"timestamp":"2026-02-09T09:34:02.107098","level":"DEBUG","tag":"","message":"⚠️ Error checking if table exists (answers): type 'String' is not a subtype of type 'int' in type cast","error":null,"stack":null}
{"timestamp":"2026-02-09T09:34:02.149626","level":"DEBUG","tag":"","message":"   ✅ Table \"answers\" migrated successfully.","error":null,"stack":null}
{"timestamp":"2026-02-09T09:34:02.155870","level":"DEBUG","tag":"","message":"   🔹 Processing table: comments","error":null,"stack":null}
{"timestamp":"2026-02-09T09:34:02.168112","level":"DEBUG","tag":"","message":"⚠️ Error checking if table exists (comments): type 'String' is not a subtype of type 'int' in type cast","error":null,"stack":null}
{"timestamp":"2026-02-09T09:34:02.216173","level":"DEBUG","tag":"","message":"   ✅ Table \"comments\" migrated successfully.","error":null,"stack":null}
{"timestamp":"2026-02-09T09:34:02.217625","level":"DEBUG","tag":"","message":"✅ Migration completed successfully.","error":null,"stack":null}
{"timestamp":"2026-02-09T09:34:02.238481","level":"DEBUG","tag":"","message":"✅ MySQL connection closed","error":null,"stack":null}
{"timestamp":"2026-02-09T09:35:49.346163","level":"DEBUG","tag":"","message":"[HOT-RELOAD] 🔄 Template changed: questions.show","error":null,"stack":null}
{"timestamp":"2026-02-09T09:35:49.346712","level":"DEBUG","tag":"","message":"[HOT-RELOAD] 📁 File: lib/views/questions/show.flint.html","error":null,"stack":null}
{"timestamp":"2026-02-09T09:48:11.730548","level":"DEBUG","tag":"","message":"[HOT-RELOAD] 🔄 Template changed: questions.show","error":null,"stack":null}
{"timestamp":"2026-02-09T09:48:11.731116","level":"DEBUG","tag":"","message":"[HOT-RELOAD] 📁 File: lib/views/questions/show.flint.html","error":null,"stack":null}
{"timestamp":"2026-02-09T09:48:26.625957","level":"DEBUG","tag":"","message":"[HOT-RELOAD] 🔄 Template changed: blog.show","error":null,"stack":null}
{"timestamp":"2026-02-09T09:48:26.626715","level":"DEBUG","tag":"","message":"[HOT-RELOAD] 📁 File: lib/views/blog/show.flint.html","error":null,"stack":null}
{"timestamp":"2026-02-09T09:52:52.189435","level":"DEBUG","tag":"","message":"[HOT-RELOAD] 🔄 Template changed: questions.show","error":null,"stack":null}
{"timestamp":"2026-02-09T09:52:52.190275","level":"DEBUG","tag":"","message":"[HOT-RELOAD] 📁 File: lib/views/questions/show.flint.html","error":null,"stack":null}
{"timestamp":"2026-02-09T09:53:29.114018","level":"DEBUG","tag":"","message":"[HOT-RELOAD] 🔄 Template changed: blog.show","error":null,"stack":null}
{"timestamp":"2026-02-09T09:53:29.114250","level":"DEBUG","tag":"","message":"[HOT-RELOAD] 📁 File: lib/views/blog/show.flint.html","error":null,"stack":null}
{"timestamp":"2026-02-09T09:55:42.095763","level":"DEBUG","tag":"","message":"[HOT-RELOAD] 🔄 Restarting server...","error":null,"stack":null}
{"timestamp":"2026-02-09T09:55:42.096634","level":"DEBUG","tag":"","message":"♻️ Stopping old server...","error":null,"stack":null}
{"timestamp":"2026-02-09T09:55:42.165142","level":"DEBUG","tag":"","message":"🚀 Starting server...","error":null,"stack":null}
{"timestamp":"2026-02-09T09:55:44.175643","level":"DEBUG","tag":"","message":"✅ Server started","error":null,"stack":null}
{"timestamp":"2026-02-09T09:55:49.143713","level":"DEBUG","tag":"","message":"[FLINT] ⚠️ Hot reload is ENABLED.","error":null,"stack":null}
{"timestamp":"2026-02-09T09:55:49.149057","level":"DEBUG","tag":"","message":"FLINT_HOT=1","error":null,"stack":null}
{"timestamp":"2026-02-09T09:55:49.173733","level":"DEBUG","tag":"","message":"[FLINT] Server Worker running on http://localhost:3030 (PID: 20237)","error":null,"stack":null}
{"timestamp":"2026-02-09T09:55:49.179694","level":"DEBUG","tag":"","message":"[FLINT] Database auto-connected via .env","error":null,"stack":null}
{"timestamp":"2026-02-09T09:55:49.182121","level":"DEBUG","tag":"","message":"📧 Mail server configured for Eucloudhost <noreply@eulogia.net>@smtp.gmail.com","error":null,"stack":null}
{"timestamp":"2026-02-09T09:55:49.182573","level":"INFO","tag":"","message":"📧 Mail configured using provider: gmail","error":null,"stack":null}
{"timestamp":"2026-02-09T09:55:49.325554","level":"DEBUG","tag":"","message":"[DEBUG] Swagger UI directory: /home/aim/Projects/eulogia/flint/flint_dart/lib/swagger/swagger-ui","error":null,"stack":null}
{"timestamp":"2026-02-09T09:55:49.459818","level":"DEBUG","tag":"","message":"✅ MySQL connected to flint_docs@localhost:3306","error":null,"stack":null}
{"timestamp":"2026-02-09T10:01:50.017937","level":"DEBUG","tag":"","message":"[HOT-RELOAD] 🔄 Restarting server...","error":null,"stack":null}
{"timestamp":"2026-02-09T10:01:50.018799","level":"DEBUG","tag":"","message":"♻️ Stopping old server...","error":null,"stack":null}
{"timestamp":"2026-02-09T10:01:50.109727","level":"DEBUG","tag":"","message":"🚀 Starting server...","error":null,"stack":null}
{"timestamp":"2026-02-09T10:01:52.130721","level":"DEBUG","tag":"","message":"✅ Server started","error":null,"stack":null}
{"timestamp":"2026-02-09T10:01:58.193553","level":"DEBUG","tag":"","message":"[HOT-RELOAD] 🔄 Restarting server...","error":null,"stack":null}
{"timestamp":"2026-02-09T10:01:58.193953","level":"DEBUG","tag":"","message":"♻️ Stopping old server...","error":null,"stack":null}
{"timestamp":"2026-02-09T10:01:58.254998","level":"DEBUG","tag":"","message":"🚀 Starting server...","error":null,"stack":null}
{"timestamp":"2026-02-09T10:02:00.267638","level":"DEBUG","tag":"","message":"✅ Server started","error":null,"stack":null}
{"timestamp":"2026-02-09T10:02:07.045009","level":"DEBUG","tag":"","message":"[FLINT] ⚠️ Hot reload is ENABLED.","error":null,"stack":null}
{"timestamp":"2026-02-09T10:02:07.060715","level":"DEBUG","tag":"","message":"FLINT_HOT=1","error":null,"stack":null}
{"timestamp":"2026-02-09T10:02:07.110306","level":"DEBUG","tag":"","message":"[FLINT] Server Worker running on http://localhost:3030 (PID: 21320)","error":null,"stack":null}
{"timestamp":"2026-02-09T10:02:07.118873","level":"DEBUG","tag":"","message":"[FLINT] Database auto-connected via .env","error":null,"stack":null}
{"timestamp":"2026-02-09T10:02:07.121234","level":"DEBUG","tag":"","message":"📧 Mail server configured for Eucloudhost <noreply@eulogia.net>@smtp.gmail.com","error":null,"stack":null}
{"timestamp":"2026-02-09T10:02:07.121617","level":"INFO","tag":"","message":"📧 Mail configured using provider: gmail","error":null,"stack":null}
{"timestamp":"2026-02-09T10:02:07.308602","level":"DEBUG","tag":"","message":"[DEBUG] Swagger UI directory: /home/aim/Projects/eulogia/flint/flint_dart/lib/swagger/swagger-ui","error":null,"stack":null}
{"timestamp":"2026-02-09T10:02:07.430175","level":"DEBUG","tag":"","message":"✅ MySQL connected to flint_docs@localhost:3306","error":null,"stack":null}
{"timestamp":"2026-02-09T10:06:43.740995","level":"DEBUG","tag":"","message":"[HOT-RELOAD] 🔄 Template changed: questions.show","error":null,"stack":null}
{"timestamp":"2026-02-09T10:06:43.743190","level":"DEBUG","tag":"","message":"[HOT-RELOAD] 📁 File: lib/views/questions/show.flint.html","error":null,"stack":null}
{"timestamp":"2026-02-09T10:09:15.991783","level":"DEBUG","tag":"","message":"[HOT-RELOAD] 🔄 Template changed: questions.show","error":null,"stack":null}
{"timestamp":"2026-02-09T10:09:15.992110","level":"DEBUG","tag":"","message":"[HOT-RELOAD] 📁 File: lib/views/questions/show.flint.html","error":null,"stack":null}
{"timestamp":"2026-02-09T10:10:06.522666","level":"DEBUG","tag":"","message":"[HOT-RELOAD] 🔄 Template changed: blog.show","error":null,"stack":null}
{"timestamp":"2026-02-09T10:10:06.522947","level":"DEBUG","tag":"","message":"[HOT-RELOAD] 📁 File: lib/views/blog/show.flint.html","error":null,"stack":null}
{"timestamp":"2026-02-09T10:17:06.130399","level":"DEBUG","tag":"","message":"[HOT-RELOAD] 🔄 Template changed: questions.show","error":null,"stack":null}
{"timestamp":"2026-02-09T10:17:06.130793","level":"DEBUG","tag":"","message":"[HOT-RELOAD] 📁 File: lib/views/questions/show.flint.html","error":null,"stack":null}
{"timestamp":"2026-02-09T10:17:17.345960","level":"DEBUG","tag":"","message":"[HOT-RELOAD] 🔄 Template changed: blog.show","error":null,"stack":null}
{"timestamp":"2026-02-09T10:17:17.346256","level":"DEBUG","tag":"","message":"[HOT-RELOAD] 📁 File: lib/views/blog/show.flint.html","error":null,"stack":null}
{"timestamp":"2026-02-09T10:17:38.653198","level":"DEBUG","tag":"","message":"[HOT-RELOAD] 🔄 Template changed: layouts.app","error":null,"stack":null}
{"timestamp":"2026-02-09T10:17:38.653453","level":"DEBUG","tag":"","message":"[HOT-RELOAD] 📁 File: lib/views/layouts/app.flint.html","error":null,"stack":null}
{"timestamp":"2026-02-09T10:19:29.131456","level":"DEBUG","tag":"","message":"[HOT-RELOAD] 🔄 Restarting server...","error":null,"stack":null}
{"timestamp":"2026-02-09T10:19:29.131736","level":"DEBUG","tag":"","message":"♻️ Stopping old server...","error":null,"stack":null}
{"timestamp":"2026-02-09T10:19:29.167475","level":"DEBUG","tag":"","message":"🚀 Starting server...","error":null,"stack":null}
{"timestamp":"2026-02-09T10:19:31.176701","level":"DEBUG","tag":"","message":"✅ Server started","error":null,"stack":null}
{"timestamp":"2026-02-09T10:19:37.364048","level":"DEBUG","tag":"","message":"[FLINT] ⚠️ Hot reload is ENABLED.","error":null,"stack":null}
{"timestamp":"2026-02-09T10:19:37.369612","level":"DEBUG","tag":"","message":"FLINT_HOT=1","error":null,"stack":null}
{"timestamp":"2026-02-09T10:19:37.390597","level":"DEBUG","tag":"","message":"[FLINT] Server Worker running on http://localhost:3030 (PID: 24255)","error":null,"stack":null}
{"timestamp":"2026-02-09T10:19:37.394360","level":"DEBUG","tag":"","message":"[FLINT] Database auto-connected via .env","error":null,"stack":null}
{"timestamp":"2026-02-09T10:19:37.396457","level":"DEBUG","tag":"","message":"📧 Mail server configured for Eucloudhost <noreply@eulogia.net>@smtp.gmail.com","error":null,"stack":null}
{"timestamp":"2026-02-09T10:19:37.397120","level":"INFO","tag":"","message":"📧 Mail configured using provider: gmail","error":null,"stack":null}
{"timestamp":"2026-02-09T10:19:37.566029","level":"DEBUG","tag":"","message":"[DEBUG] Swagger UI directory: /home/aim/Projects/eulogia/flint/flint_dart/lib/swagger/swagger-ui","error":null,"stack":null}
{"timestamp":"2026-02-09T10:19:37.686324","level":"DEBUG","tag":"","message":"✅ MySQL connected to flint_docs@localhost:3306","error":null,"stack":null}
{"timestamp":"2026-02-09T10:24:52.041608","level":"DEBUG","tag":"","message":"[HOT-RELOAD] 🔄 Restarting server...","error":null,"stack":null}
{"timestamp":"2026-02-09T10:24:52.041901","level":"DEBUG","tag":"","message":"♻️ Stopping old server...","error":null,"stack":null}
{"timestamp":"2026-02-09T10:24:52.103473","level":"DEBUG","tag":"","message":"🚀 Starting server...","error":null,"stack":null}
{"timestamp":"2026-02-09T10:24:54.114636","level":"DEBUG","tag":"","message":"✅ Server started","error":null,"stack":null}
{"timestamp":"2026-02-09T10:25:02.820828","level":"DEBUG","tag":"","message":"[FLINT] ⚠️ Hot reload is ENABLED.","error":null,"stack":null}
{"timestamp":"2026-02-09T10:25:02.832895","level":"DEBUG","tag":"","message":"FLINT_HOT=1","error":null,"stack":null}
{"timestamp":"2026-02-09T10:25:02.874479","level":"DEBUG","tag":"","message":"[FLINT] Server Worker running on http://localhost:3030 (PID: 25151)","error":null,"stack":null}
{"timestamp":"2026-02-09T10:25:02.885181","level":"DEBUG","tag":"","message":"[FLINT] Database auto-connected via .env","error":null,"stack":null}
{"timestamp":"2026-02-09T10:25:02.887310","level":"DEBUG","tag":"","message":"📧 Mail server configured for Eucloudhost <noreply@eulogia.net>@smtp.gmail.com","error":null,"stack":null}
{"timestamp":"2026-02-09T10:25:02.887660","level":"INFO","tag":"","message":"📧 Mail configured using provider: gmail","error":null,"stack":null}
{"timestamp":"2026-02-09T10:25:03.079020","level":"DEBUG","tag":"","message":"[DEBUG] Swagger UI directory: /home/aim/Projects/eulogia/flint/flint_dart/lib/swagger/swagger-ui","error":null,"stack":null}
{"timestamp":"2026-02-09T10:25:03.195098","level":"DEBUG","tag":"","message":"✅ MySQL connected to flint_docs@localhost:3306","error":null,"stack":null}
{"timestamp":"2026-02-09T10:25:19.163553","level":"DEBUG","tag":"","message":"[HOT-RELOAD] 🔄 Template changed: layouts.app","error":null,"stack":null}
{"timestamp":"2026-02-09T10:25:19.163984","level":"DEBUG","tag":"","message":"[HOT-RELOAD] 📁 File: lib/views/layouts/app.flint.html","error":null,"stack":null}
{"timestamp":"2026-02-09T10:26:06.734019","level":"DEBUG","tag":"","message":"[HOT-RELOAD] 🔄 Template changed: questions.show","error":null,"stack":null}
{"timestamp":"2026-02-09T10:26:06.735391","level":"DEBUG","tag":"","message":"[HOT-RELOAD] 📁 File: lib/views/questions/show.flint.html","error":null,"stack":null}
{"timestamp":"2026-02-09T10:26:27.940779","level":"DEBUG","tag":"","message":"[HOT-RELOAD] 🔄 Template changed: questions.show","error":null,"stack":null}
{"timestamp":"2026-02-09T10:26:27.941303","level":"DEBUG","tag":"","message":"[HOT-RELOAD] 📁 File: lib/views/questions/show.flint.html","error":null,"stack":null}
{"timestamp":"2026-02-09T10:26:42.962759","level":"DEBUG","tag":"","message":"[HOT-RELOAD] 🔄 Template changed: layouts.app","error":null,"stack":null}
{"timestamp":"2026-02-09T10:26:42.963237","level":"DEBUG","tag":"","message":"[HOT-RELOAD] 📁 File: lib/views/layouts/app.flint.html","error":null,"stack":null}
{"timestamp":"2026-02-09T10:31:06.985525","level":"DEBUG","tag":"","message":"[HOT-RELOAD] 🔄 Restarting server...","error":null,"stack":null}
{"timestamp":"2026-02-09T10:31:06.985851","level":"DEBUG","tag":"","message":"♻️ Stopping old server...","error":null,"stack":null}
{"timestamp":"2026-02-09T10:31:07.022537","level":"DEBUG","tag":"","message":"🚀 Starting server...","error":null,"stack":null}
{"timestamp":"2026-02-09T10:31:09.030508","level":"DEBUG","tag":"","message":"✅ Server started","error":null,"stack":null}
{"timestamp":"2026-02-09T10:31:14.703938","level":"DEBUG","tag":"","message":"[FLINT] ⚠️ Hot reload is ENABLED.","error":null,"stack":null}
{"timestamp":"2026-02-09T10:31:14.711894","level":"DEBUG","tag":"","message":"FLINT_HOT=1","error":null,"stack":null}
{"timestamp":"2026-02-09T10:31:14.744202","level":"DEBUG","tag":"","message":"[FLINT] Server Worker running on http://localhost:3030 (PID: 26747)","error":null,"stack":null}
{"timestamp":"2026-02-09T10:31:14.750420","level":"DEBUG","tag":"","message":"[FLINT] Database auto-connected via .env","error":null,"stack":null}
{"timestamp":"2026-02-09T10:31:14.753544","level":"DEBUG","tag":"","message":"📧 Mail server configured for Eucloudhost <noreply@eulogia.net>@smtp.gmail.com","error":null,"stack":null}
{"timestamp":"2026-02-09T10:31:14.755009","level":"INFO","tag":"","message":"📧 Mail configured using provider: gmail","error":null,"stack":null}
{"timestamp":"2026-02-09T10:31:15.043149","level":"DEBUG","tag":"","message":"[DEBUG] Swagger UI directory: /home/aim/Projects/eulogia/flint/flint_dart/lib/swagger/swagger-ui","error":null,"stack":null}
{"timestamp":"2026-02-09T10:31:15.084714","level":"DEBUG","tag":"","message":"[HOT-RELOAD] 🔄 Template changed: questions.show","error":null,"stack":null}
{"timestamp":"2026-02-09T10:31:15.085295","level":"DEBUG","tag":"","message":"[HOT-RELOAD] 📁 File: lib/views/questions/show.flint.html","error":null,"stack":null}
{"timestamp":"2026-02-09T10:31:15.307066","level":"DEBUG","tag":"","message":"✅ MySQL connected to flint_docs@localhost:3306","error":null,"stack":null}
{"timestamp":"2026-02-09T10:38:14.232980","level":"DEBUG","tag":"","message":"[HOT-RELOAD] 🔄 Template changed: questions.show","error":null,"stack":null}
{"timestamp":"2026-02-09T10:38:14.233370","level":"DEBUG","tag":"","message":"[HOT-RELOAD] 📁 File: lib/views/questions/show.flint.html","error":null,"stack":null}
{"timestamp":"2026-02-09T10:38:18.364184","level":"DEBUG","tag":"","message":"[HOT-RELOAD] 🔄 Template changed: layouts.app","error":null,"stack":null}
{"timestamp":"2026-02-09T10:38:18.364707","level":"DEBUG","tag":"","message":"[HOT-RELOAD] 📁 File: lib/views/layouts/app.flint.html","error":null,"stack":null}
{"timestamp":"2026-02-09T10:44:26.943118","level":"DEBUG","tag":"","message":"[HOT-RELOAD] 🔄 Template changed: questions.show","error":null,"stack":null}
{"timestamp":"2026-02-09T10:44:26.943523","level":"DEBUG","tag":"","message":"[HOT-RELOAD] 📁 File: lib/views/questions/show.flint.html","error":null,"stack":null}
{"timestamp":"2026-02-09T10:45:55.942178","level":"DEBUG","tag":"","message":"[HOT-RELOAD] 🔄 Template changed: questions.show","error":null,"stack":null}
{"timestamp":"2026-02-09T10:45:55.943163","level":"DEBUG","tag":"","message":"[HOT-RELOAD] 📁 File: lib/views/questions/show.flint.html","error":null,"stack":null}
{"timestamp":"2026-02-09T10:49:48.003776","level":"DEBUG","tag":"","message":"[HOT-RELOAD] 🔄 Template changed: questions.show","error":null,"stack":null}
{"timestamp":"2026-02-09T10:49:48.004148","level":"DEBUG","tag":"","message":"[HOT-RELOAD] 📁 File: lib/views/questions/show.flint.html","error":null,"stack":null}
{"timestamp":"2026-02-09T11:02:48.609922","level":"DEBUG","tag":"","message":"[HOT-RELOAD] 🔄 Restarting server...","error":null,"stack":null}
{"timestamp":"2026-02-09T11:02:48.611041","level":"DEBUG","tag":"","message":"♻️ Stopping old server...","error":null,"stack":null}
{"timestamp":"2026-02-09T11:02:48.681010","level":"DEBUG","tag":"","message":"🚀 Starting server...","error":null,"stack":null}
{"timestamp":"2026-02-09T11:02:50.695183","level":"DEBUG","tag":"","message":"✅ Server started","error":null,"stack":null}
{"timestamp":"2026-02-09T11:02:56.817919","level":"DEBUG","tag":"","message":"[FLINT] ⚠️ Hot reload is ENABLED.","error":null,"stack":null}
{"timestamp":"2026-02-09T11:02:56.824432","level":"DEBUG","tag":"","message":"FLINT_HOT=1","error":null,"stack":null}
{"timestamp":"2026-02-09T11:02:56.853464","level":"DEBUG","tag":"","message":"[FLINT] Server Worker running on http://localhost:3030 (PID: 31491)","error":null,"stack":null}
{"timestamp":"2026-02-09T11:02:56.857746","level":"DEBUG","tag":"","message":"[FLINT] Database auto-connected via .env","error":null,"stack":null}
{"timestamp":"2026-02-09T11:02:56.859244","level":"DEBUG","tag":"","message":"📧 Mail server configured for Eucloudhost <noreply@eulogia.net>@smtp.gmail.com","error":null,"stack":null}
{"timestamp":"2026-02-09T11:02:56.859559","level":"INFO","tag":"","message":"📧 Mail configured using provider: gmail","error":null,"stack":null}
{"timestamp":"2026-02-09T11:02:57.070171","level":"DEBUG","tag":"","message":"[DEBUG] Swagger UI directory: /home/aim/Projects/eulogia/flint/flint_dart/lib/swagger/swagger-ui","error":null,"stack":null}
{"timestamp":"2026-02-09T11:02:57.192353","level":"DEBUG","tag":"","message":"✅ MySQL connected to flint_docs@localhost:3306","error":null,"stack":null}
{"timestamp":"2026-02-09T11:03:09.432625","level":"DEBUG","tag":"","message":"[HOT-RELOAD] 🔄 Template changed: questions.show","error":null,"stack":null}
{"timestamp":"2026-02-09T11:03:09.433058","level":"DEBUG","tag":"","message":"[HOT-RELOAD] 📁 File: lib/views/questions/show.flint.html","error":null,"stack":null}
{"timestamp":"2026-02-09T11:03:26.593519","level":"DEBUG","tag":"","message":"[HOT-RELOAD] 🔄 Template changed: layouts.app","error":null,"stack":null}
{"timestamp":"2026-02-09T11:03:26.593945","level":"DEBUG","tag":"","message":"[HOT-RELOAD] 📁 File: lib/views/layouts/app.flint.html","error":null,"stack":null}
{"timestamp":"2026-02-09T11:07:24.659933","level":"DEBUG","tag":"","message":"[HOT-RELOAD] 🔄 Restarting server...","error":null,"stack":null}
{"timestamp":"2026-02-09T11:07:24.661340","level":"DEBUG","tag":"","message":"♻️ Stopping old server...","error":null,"stack":null}
{"timestamp":"2026-02-09T11:07:24.715652","level":"DEBUG","tag":"","message":"🚀 Starting server...","error":null,"stack":null}
{"timestamp":"2026-02-09T11:07:26.726954","level":"DEBUG","tag":"","message":"✅ Server started","error":null,"stack":null}
{"timestamp":"2026-02-09T11:07:38.798485","level":"DEBUG","tag":"","message":"[HOT-RELOAD] 🔄 Template changed: questions.show","error":null,"stack":null}
{"timestamp":"2026-02-09T11:07:38.798784","level":"DEBUG","tag":"","message":"[HOT-RELOAD] 📁 File: lib/views/questions/show.flint.html","error":null,"stack":null}
{"timestamp":"2026-02-09T11:07:48.341367","level":"DEBUG","tag":"","message":"[HOT-RELOAD] 🔄 Template changed: layouts.app","error":null,"stack":null}
{"timestamp":"2026-02-09T11:07:48.342306","level":"DEBUG","tag":"","message":"[HOT-RELOAD] 📁 File: lib/views/layouts/app.flint.html","error":null,"stack":null}
{"timestamp":"2026-02-09T11:08:31.769875","level":"DEBUG","tag":"","message":"[HOT-RELOAD] 🔄 Template changed: questions.show","error":null,"stack":null}
{"timestamp":"2026-02-09T11:08:31.770343","level":"DEBUG","tag":"","message":"[HOT-RELOAD] 📁 File: lib/views/questions/show.flint.html","error":null,"stack":null}
{"timestamp":"2026-02-09T11:08:43.148833","level":"DEBUG","tag":"","message":"[HOT-RELOAD] 🔄 Restarting server...","error":null,"stack":null}
{"timestamp":"2026-02-09T11:08:43.149091","level":"DEBUG","tag":"","message":"♻️ Stopping old server...","error":null,"stack":null}
{"timestamp":"2026-02-09T11:08:43.149796","level":"DEBUG","tag":"","message":"🚀 Starting server...","error":null,"stack":null}
{"timestamp":"2026-02-09T11:08:45.161038","level":"DEBUG","tag":"","message":"✅ Server started","error":null,"stack":null}
{"timestamp":"2026-02-09T11:09:13.693848","level":"DEBUG","tag":"","message":"[HOT-RELOAD] 🔄 Restarting server...","error":null,"stack":null}
{"timestamp":"2026-02-09T11:09:13.694206","level":"DEBUG","tag":"","message":"♻️ Stopping old server...","error":null,"stack":null}
{"timestamp":"2026-02-09T11:09:13.694470","level":"DEBUG","tag":"","message":"🚀 Starting server...","error":null,"stack":null}
{"timestamp":"2026-02-09T11:09:15.703935","level":"DEBUG","tag":"","message":"✅ Server started","error":null,"stack":null}
{"timestamp":"2026-02-09T11:09:18.276965","level":"DEBUG","tag":"","message":"[HOT-RELOAD] 🔄 Restarting server...","error":null,"stack":null}
{"timestamp":"2026-02-09T11:09:18.277289","level":"DEBUG","tag":"","message":"♻️ Stopping old server...","error":null,"stack":null}
{"timestamp":"2026-02-09T11:09:18.310205","level":"DEBUG","tag":"","message":"🚀 Starting server...","error":null,"stack":null}
{"timestamp":"2026-02-09T11:09:20.319992","level":"DEBUG","tag":"","message":"✅ Server started","error":null,"stack":null}
{"timestamp":"2026-02-09T11:09:21.941825","level":"DEBUG","tag":"","message":"[HOT-RELOAD] 🔄 Restarting server...","error":null,"stack":null}
{"timestamp":"2026-02-09T11:09:21.942051","level":"DEBUG","tag":"","message":"♻️ Stopping old server...","error":null,"stack":null}
{"timestamp":"2026-02-09T11:09:21.973087","level":"DEBUG","tag":"","message":"🚀 Starting server...","error":null,"stack":null}
{"timestamp":"2026-02-09T11:09:23.262900","level":"DEBUG","tag":"","message":"[HOT-RELOAD] 🔄 Restarting server...","error":null,"stack":null}
{"timestamp":"2026-02-09T11:09:23.263305","level":"DEBUG","tag":"","message":"♻️ Stopping old server...","error":null,"stack":null}
{"timestamp":"2026-02-09T11:09:23.276656","level":"DEBUG","tag":"","message":"⚠️ Server failed to start: -2","error":null,"stack":null}
{"timestamp":"2026-02-09T11:09:23.277192","level":"DEBUG","tag":"","message":"🚀 Starting server...","error":null,"stack":null}
{"timestamp":"2026-02-09T11:09:25.294931","level":"DEBUG","tag":"","message":"✅ Server started","error":null,"stack":null}
{"timestamp":"2026-02-09T11:09:30.750852","level":"DEBUG","tag":"","message":"[HOT-RELOAD] 🔄 Restarting server...","error":null,"stack":null}
{"timestamp":"2026-02-09T11:09:30.751126","level":"DEBUG","tag":"","message":"♻️ Stopping old server...","error":null,"stack":null}
{"timestamp":"2026-02-09T11:09:30.788261","level":"DEBUG","tag":"","message":"🚀 Starting server...","error":null,"stack":null}
{"timestamp":"2026-02-09T11:09:32.796964","level":"DEBUG","tag":"","message":"✅ Server started","error":null,"stack":null}
{"timestamp":"2026-02-09T11:09:37.358630","level":"DEBUG","tag":"","message":"[FLINT] ⚠️ Hot reload is ENABLED.","error":null,"stack":null}
{"timestamp":"2026-02-09T11:09:37.367668","level":"DEBUG","tag":"","message":"FLINT_HOT=1","error":null,"stack":null}
{"timestamp":"2026-02-09T11:09:37.394260","level":"DEBUG","tag":"","message":"[FLINT] Server Worker running on http://localhost:3030 (PID: 33444)","error":null,"stack":null}
{"timestamp":"2026-02-09T11:09:37.406993","level":"DEBUG","tag":"","message":"[FLINT] Database auto-connected via .env","error":null,"stack":null}
{"timestamp":"2026-02-09T11:09:37.410053","level":"DEBUG","tag":"","message":"📧 Mail server configured for Eucloudhost <noreply@eulogia.net>@smtp.gmail.com","error":null,"stack":null}
{"timestamp":"2026-02-09T11:09:37.410662","level":"INFO","tag":"","message":"📧 Mail configured using provider: gmail","error":null,"stack":null}
{"timestamp":"2026-02-09T11:09:37.596356","level":"DEBUG","tag":"","message":"[DEBUG] Swagger UI directory: /home/aim/Projects/eulogia/flint/flint_dart/lib/swagger/swagger-ui","error":null,"stack":null}
{"timestamp":"2026-02-09T11:09:37.723691","level":"DEBUG","tag":"","message":"✅ MySQL connected to flint_docs@localhost:3306","error":null,"stack":null}
{"timestamp":"2026-02-09T11:10:38.813076","level":"DEBUG","tag":"","message":"♻️ Stopping old server...","error":null,"stack":null}
{"timestamp":"2026-02-09T11:10:38.811990","level":"DEBUG","tag":"","message":"[HOT-RELOAD] 🔄 Restarting server...","error":null,"stack":null}
{"timestamp":"2026-02-09T11:10:38.930289","level":"DEBUG","tag":"","message":"🚀 Starting server...","error":null,"stack":null}
{"timestamp":"2026-02-09T11:10:40.939011","level":"DEBUG","tag":"","message":"✅ Server started","error":null,"stack":null}
{"timestamp":"2026-02-09T11:10:42.514846","level":"DEBUG","tag":"","message":"[HOT-RELOAD] 🔄 Restarting server...","error":null,"stack":null}
{"timestamp":"2026-02-09T11:10:42.515192","level":"DEBUG","tag":"","message":"♻️ Stopping old server...","error":null,"stack":null}
{"timestamp":"2026-02-09T11:10:42.546903","level":"DEBUG","tag":"","message":"🚀 Starting server...","error":null,"stack":null}
{"timestamp":"2026-02-09T11:10:44.217883","level":"DEBUG","tag":"","message":"[HOT-RELOAD] 🔄 Restarting server...","error":null,"stack":null}
{"timestamp":"2026-02-09T11:10:44.218313","level":"DEBUG","tag":"","message":"♻️ Stopping old server...","error":null,"stack":null}
{"timestamp":"2026-02-09T11:10:44.241828","level":"DEBUG","tag":"","message":"⚠️ Server failed to start: -2","error":null,"stack":null}
{"timestamp":"2026-02-09T11:10:44.242165","level":"DEBUG","tag":"","message":"🚀 Starting server...","error":null,"stack":null}
{"timestamp":"2026-02-09T11:10:45.226927","level":"DEBUG","tag":"","message":"[HOT-RELOAD] 🔄 Restarting server...","error":null,"stack":null}
{"timestamp":"2026-02-09T11:10:45.227205","level":"DEBUG","tag":"","message":"♻️ Stopping old server...","error":null,"stack":null}
{"timestamp":"2026-02-09T11:10:45.243843","level":"DEBUG","tag":"","message":"⚠️ Server failed to start: -2","error":null,"stack":null}
{"timestamp":"2026-02-09T11:10:45.244113","level":"DEBUG","tag":"","message":"🚀 Starting server...","error":null,"stack":null}
{"timestamp":"2026-02-09T11:10:47.255918","level":"DEBUG","tag":"","message":"✅ Server started","error":null,"stack":null}
{"timestamp":"2026-02-09T11:10:48.477831","level":"DEBUG","tag":"","message":"[HOT-RELOAD] 🔄 Restarting server...","error":null,"stack":null}
{"timestamp":"2026-02-09T11:10:48.478161","level":"DEBUG","tag":"","message":"♻️ Stopping old server...","error":null,"stack":null}
{"timestamp":"2026-02-09T11:10:48.514353","level":"DEBUG","tag":"","message":"🚀 Starting server...","error":null,"stack":null}
{"timestamp":"2026-02-09T11:10:50.524931","level":"DEBUG","tag":"","message":"✅ Server started","error":null,"stack":null}
{"timestamp":"2026-02-09T11:10:52.793923","level":"DEBUG","tag":"","message":"[HOT-RELOAD] 🔄 Restarting server...","error":null,"stack":null}
{"timestamp":"2026-02-09T11:10:52.794229","level":"DEBUG","tag":"","message":"♻️ Stopping old server...","error":null,"stack":null}
{"timestamp":"2026-02-09T11:10:52.825862","level":"DEBUG","tag":"","message":"🚀 Starting server...","error":null,"stack":null}
{"timestamp":"2026-02-09T11:10:54.837233","level":"DEBUG","tag":"","message":"✅ Server started","error":null,"stack":null}
{"timestamp":"2026-02-09T11:10:57.982827","level":"DEBUG","tag":"","message":"[HOT-RELOAD] 🔄 Restarting server...","error":null,"stack":null}
{"timestamp":"2026-02-09T11:10:57.983142","level":"DEBUG","tag":"","message":"♻️ Stopping old server...","error":null,"stack":null}
{"timestamp":"2026-02-09T11:10:58.020241","level":"DEBUG","tag":"","message":"🚀 Starting server...","error":null,"stack":null}
{"timestamp":"2026-02-09T11:10:58.580959","level":"DEBUG","tag":"","message":"[HOT-RELOAD] 🔄 Restarting server...","error":null,"stack":null}
{"timestamp":"2026-02-09T11:10:58.581417","level":"DEBUG","tag":"","message":"♻️ Stopping old server...","error":null,"stack":null}
{"timestamp":"2026-02-09T11:10:58.598258","level":"DEBUG","tag":"","message":"🚀 Starting server...","error":null,"stack":null}
{"timestamp":"2026-02-09T11:10:58.597544","level":"DEBUG","tag":"","message":"⚠️ Server failed to start: -2","error":null,"stack":null}
{"timestamp":"2026-02-09T11:11:00.615949","level":"DEBUG","tag":"","message":"✅ Server started","error":null,"stack":null}
{"timestamp":"2026-02-09T11:11:01.626182","level":"DEBUG","tag":"","message":"[HOT-RELOAD] 🔄 Restarting server...","error":null,"stack":null}
{"timestamp":"2026-02-09T11:11:01.626363","level":"DEBUG","tag":"","message":"♻️ Stopping old server...","error":null,"stack":null}
{"timestamp":"2026-02-09T11:11:01.658195","level":"DEBUG","tag":"","message":"🚀 Starting server...","error":null,"stack":null}
{"timestamp":"2026-02-09T11:11:02.831932","level":"DEBUG","tag":"","message":"[HOT-RELOAD] 🔄 Restarting server...","error":null,"stack":null}
{"timestamp":"2026-02-09T11:11:02.832221","level":"DEBUG","tag":"","message":"♻️ Stopping old server...","error":null,"stack":null}
{"timestamp":"2026-02-09T11:11:02.848702","level":"DEBUG","tag":"","message":"⚠️ Server failed to start: -2","error":null,"stack":null}
{"timestamp":"2026-02-09T11:11:02.848977","level":"DEBUG","tag":"","message":"🚀 Starting server...","error":null,"stack":null}
{"timestamp":"2026-02-09T11:11:04.862133","level":"DEBUG","tag":"","message":"✅ Server started","error":null,"stack":null}
{"timestamp":"2026-02-09T11:11:06.347011","level":"DEBUG","tag":"","message":"[HOT-RELOAD] 🔄 Restarting server...","error":null,"stack":null}
{"timestamp":"2026-02-09T11:11:06.347678","level":"DEBUG","tag":"","message":"♻️ Stopping old server...","error":null,"stack":null}
{"timestamp":"2026-02-09T11:11:06.387195","level":"DEBUG","tag":"","message":"🚀 Starting server...","error":null,"stack":null}
{"timestamp":"2026-02-09T11:11:07.179877","level":"DEBUG","tag":"","message":"[HOT-RELOAD] 🔄 Restarting server...","error":null,"stack":null}
{"timestamp":"2026-02-09T11:11:07.180146","level":"DEBUG","tag":"","message":"♻️ Stopping old server...","error":null,"stack":null}
{"timestamp":"2026-02-09T11:11:07.196390","level":"DEBUG","tag":"","message":"⚠️ Server failed to start: -2","error":null,"stack":null}
{"timestamp":"2026-02-09T11:11:07.196678","level":"DEBUG","tag":"","message":"🚀 Starting server...","error":null,"stack":null}
{"timestamp":"2026-02-09T11:11:09.212961","level":"DEBUG","tag":"","message":"✅ Server started","error":null,"stack":null}
{"timestamp":"2026-02-09T11:11:12.795849","level":"DEBUG","tag":"","message":"[HOT-RELOAD] 🔄 Restarting server...","error":null,"stack":null}
{"timestamp":"2026-02-09T11:11:12.796079","level":"DEBUG","tag":"","message":"♻️ Stopping old server...","error":null,"stack":null}
{"timestamp":"2026-02-09T11:11:12.832482","level":"DEBUG","tag":"","message":"🚀 Starting server...","error":null,"stack":null}
{"timestamp":"2026-02-09T11:11:14.842935","level":"DEBUG","tag":"","message":"✅ Server started","error":null,"stack":null}
{"timestamp":"2026-02-09T11:11:18.165865","level":"DEBUG","tag":"","message":"[HOT-RELOAD] 🔄 Restarting server...","error":null,"stack":null}
{"timestamp":"2026-02-09T11:11:18.166079","level":"DEBUG","tag":"","message":"♻️ Stopping old server...","error":null,"stack":null}
{"timestamp":"2026-02-09T11:11:18.197889","level":"DEBUG","tag":"","message":"🚀 Starting server...","error":null,"stack":null}
{"timestamp":"2026-02-09T11:11:19.963944","level":"DEBUG","tag":"","message":"[HOT-RELOAD] 🔄 Restarting server...","error":null,"stack":null}
{"timestamp":"2026-02-09T11:11:19.964286","level":"DEBUG","tag":"","message":"♻️ Stopping old server...","error":null,"stack":null}
{"timestamp":"2026-02-09T11:11:19.992035","level":"DEBUG","tag":"","message":"⚠️ Server failed to start: -2","error":null,"stack":null}
{"timestamp":"2026-02-09T11:11:19.992335","level":"DEBUG","tag":"","message":"🚀 Starting server...","error":null,"stack":null}
{"timestamp":"2026-02-09T11:11:21.141878","level":"DEBUG","tag":"","message":"[HOT-RELOAD] 🔄 Restarting server...","error":null,"stack":null}
{"timestamp":"2026-02-09T11:11:21.142145","level":"DEBUG","tag":"","message":"♻️ Stopping old server...","error":null,"stack":null}
{"timestamp":"2026-02-09T11:11:21.152513","level":"DEBUG","tag":"","message":"⚠️ Server failed to start: -2","error":null,"stack":null}
{"timestamp":"2026-02-09T11:11:21.152932","level":"DEBUG","tag":"","message":"🚀 Starting server...","error":null,"stack":null}
{"timestamp":"2026-02-09T11:11:22.725926","level":"DEBUG","tag":"","message":"[HOT-RELOAD] 🔄 Restarting server...","error":null,"stack":null}
{"timestamp":"2026-02-09T11:11:22.726222","level":"DEBUG","tag":"","message":"♻️ Stopping old server...","error":null,"stack":null}
{"timestamp":"2026-02-09T11:11:22.743185","level":"DEBUG","tag":"","message":"⚠️ Server failed to start: -2","error":null,"stack":null}
{"timestamp":"2026-02-09T11:11:22.743445","level":"DEBUG","tag":"","message":"🚀 Starting server...","error":null,"stack":null}
{"timestamp":"2026-02-09T11:11:23.399918","level":"DEBUG","tag":"","message":"[HOT-RELOAD] 🔄 Restarting server...","error":null,"stack":null}
{"timestamp":"2026-02-09T11:11:23.400175","level":"DEBUG","tag":"","message":"♻️ Stopping old server...","error":null,"stack":null}
{"timestamp":"2026-02-09T11:11:23.408948","level":"DEBUG","tag":"","message":"⚠️ Server failed to start: -2","error":null,"stack":null}
{"timestamp":"2026-02-09T11:11:23.410213","level":"DEBUG","tag":"","message":"🚀 Starting server...","error":null,"stack":null}
{"timestamp":"2026-02-09T11:11:25.424173","level":"DEBUG","tag":"","message":"✅ Server started","error":null,"stack":null}
{"timestamp":"2026-02-09T11:11:26.178914","level":"DEBUG","tag":"","message":"[HOT-RELOAD] 🔄 Restarting server...","error":null,"stack":null}
{"timestamp":"2026-02-09T11:11:26.179119","level":"DEBUG","tag":"","message":"♻️ Stopping old server...","error":null,"stack":null}
{"timestamp":"2026-02-09T11:11:26.206664","level":"DEBUG","tag":"","message":"🚀 Starting server...","error":null,"stack":null}
{"timestamp":"2026-02-09T11:11:28.214950","level":"DEBUG","tag":"","message":"✅ Server started","error":null,"stack":null}
{"timestamp":"2026-02-09T11:11:29.434861","level":"DEBUG","tag":"","message":"[HOT-RELOAD] 🔄 Restarting server...","error":null,"stack":null}
{"timestamp":"2026-02-09T11:11:29.435441","level":"DEBUG","tag":"","message":"♻️ Stopping old server...","error":null,"stack":null}
{"timestamp":"2026-02-09T11:11:29.468834","level":"DEBUG","tag":"","message":"🚀 Starting server...","error":null,"stack":null}
{"timestamp":"2026-02-09T11:11:30.599914","level":"DEBUG","tag":"","message":"[HOT-RELOAD] 🔄 Restarting server...","error":null,"stack":null}
{"timestamp":"2026-02-09T11:11:30.600221","level":"DEBUG","tag":"","message":"♻️ Stopping old server...","error":null,"stack":null}
{"timestamp":"2026-02-09T11:11:30.616065","level":"DEBUG","tag":"","message":"⚠️ Server failed to start: -2","error":null,"stack":null}
{"timestamp":"2026-02-09T11:11:30.616325","level":"DEBUG","tag":"","message":"🚀 Starting server...","error":null,"stack":null}
{"timestamp":"2026-02-09T11:11:32.629964","level":"DEBUG","tag":"","message":"✅ Server started","error":null,"stack":null}
{"timestamp":"2026-02-09T11:11:37.239281","level":"DEBUG","tag":"","message":"[FLINT] ⚠️ Hot reload is ENABLED.","error":null,"stack":null}
{"timestamp":"2026-02-09T11:11:37.244409","level":"DEBUG","tag":"","message":"FLINT_HOT=1","error":null,"stack":null}
{"timestamp":"2026-02-09T11:11:37.264138","level":"DEBUG","tag":"","message":"[FLINT] Server Worker running on http://localhost:3030 (PID: 34352)","error":null,"stack":null}
{"timestamp":"2026-02-09T11:11:37.267674","level":"DEBUG","tag":"","message":"[FLINT] Database auto-connected via .env","error":null,"stack":null}
{"timestamp":"2026-02-09T11:11:37.271052","level":"INFO","tag":"","message":"📧 Mail configured using provider: gmail","error":null,"stack":null}
{"timestamp":"2026-02-09T11:11:37.270378","level":"DEBUG","tag":"","message":"📧 Mail server configured for Eucloudhost <noreply@eulogia.net>@smtp.gmail.com","error":null,"stack":null}
{"timestamp":"2026-02-09T11:11:37.397862","level":"DEBUG","tag":"","message":"[DEBUG] Swagger UI directory: /home/aim/Projects/eulogia/flint/flint_dart/lib/swagger/swagger-ui","error":null,"stack":null}
{"timestamp":"2026-02-09T11:11:37.429059","level":"DEBUG","tag":"","message":"✅ MySQL connected to flint_docs@localhost:3306","error":null,"stack":null}
{"timestamp":"2026-02-09T11:12:42.523126","level":"DEBUG","tag":"","message":"[HOT-RELOAD] 🔄 Restarting server...","error":null,"stack":null}
{"timestamp":"2026-02-09T11:12:42.523893","level":"DEBUG","tag":"","message":"♻️ Stopping old server...","error":null,"stack":null}
{"timestamp":"2026-02-09T11:12:42.635448","level":"DEBUG","tag":"","message":"🚀 Starting server...","error":null,"stack":null}
{"timestamp":"2026-02-09T11:12:44.644999","level":"DEBUG","tag":"","message":"✅ Server started","error":null,"stack":null}
{"timestamp":"2026-02-09T11:12:47.026932","level":"DEBUG","tag":"","message":"[HOT-RELOAD] 🔄 Restarting server...","error":null,"stack":null}
{"timestamp":"2026-02-09T11:12:47.027386","level":"DEBUG","tag":"","message":"♻️ Stopping old server...","error":null,"stack":null}
{"timestamp":"2026-02-09T11:12:47.063764","level":"DEBUG","tag":"","message":"🚀 Starting server...","error":null,"stack":null}
{"timestamp":"2026-02-09T11:12:49.070987","level":"DEBUG","tag":"","message":"✅ Server started","error":null,"stack":null}
{"timestamp":"2026-02-09T11:12:53.366440","level":"DEBUG","tag":"","message":"[FLINT] ⚠️ Hot reload is ENABLED.","error":null,"stack":null}
{"timestamp":"2026-02-09T11:12:53.371526","level":"DEBUG","tag":"","message":"FLINT_HOT=1","error":null,"stack":null}
{"timestamp":"2026-02-09T11:12:53.392514","level":"DEBUG","tag":"","message":"[FLINT] Server Worker running on http://localhost:3030 (PID: 34754)","error":null,"stack":null}
{"timestamp":"2026-02-09T11:12:53.397069","level":"DEBUG","tag":"","message":"[FLINT] Database auto-connected via .env","error":null,"stack":null}
{"timestamp":"2026-02-09T11:12:53.398552","level":"DEBUG","tag":"","message":"📧 Mail server configured for Eucloudhost <noreply@eulogia.net>@smtp.gmail.com","error":null,"stack":null}
{"timestamp":"2026-02-09T11:12:53.398798","level":"INFO","tag":"","message":"📧 Mail configured using provider: gmail","error":null,"stack":null}
{"timestamp":"2026-02-09T11:12:53.531761","level":"DEBUG","tag":"","message":"[DEBUG] Swagger UI directory: /home/aim/Projects/eulogia/flint/flint_dart/lib/swagger/swagger-ui","error":null,"stack":null}
{"timestamp":"2026-02-09T11:12:53.660224","level":"DEBUG","tag":"","message":"✅ MySQL connected to flint_docs@localhost:3306","error":null,"stack":null}
{"timestamp":"2026-02-09T11:14:17.238245","level":"DEBUG","tag":"","message":"[HOT-RELOAD] 🔄 Template changed: questions.show","error":null,"stack":null}
{"timestamp":"2026-02-09T11:14:17.238519","level":"DEBUG","tag":"","message":"[HOT-RELOAD] 📁 File: lib/views/questions/show.flint.html","error":null,"stack":null}
{"timestamp":"2026-02-09T11:14:18.000118","level":"DEBUG","tag":"","message":"[HOT-RELOAD] 🔄 Template changed: questions.show","error":null,"stack":null}
{"timestamp":"2026-02-09T11:14:18.000604","level":"DEBUG","tag":"","message":"[HOT-RELOAD] 📁 File: lib/views/questions/show.flint.html","error":null,"stack":null}
{"timestamp":"2026-02-09T11:14:59.700313","level":"DEBUG","tag":"","message":"[HOT-RELOAD] 🔄 Template changed: questions.show","error":null,"stack":null}
{"timestamp":"2026-02-09T11:14:59.700920","level":"DEBUG","tag":"","message":"[HOT-RELOAD] 📁 File: lib/views/questions/show.flint.html","error":null,"stack":null}
{"timestamp":"2026-02-09T11:15:33.521869","level":"DEBUG","tag":"","message":"[HOT-RELOAD] 🔄 Template changed: questions.show","error":null,"stack":null}
{"timestamp":"2026-02-09T11:15:33.523114","level":"DEBUG","tag":"","message":"[HOT-RELOAD] 📁 File: lib/views/questions/show.flint.html","error":null,"stack":null}
{"timestamp":"2026-02-09T11:16:40.536995","level":"DEBUG","tag":"","message":"[HOT-RELOAD] 🔄 Restarting server...","error":null,"stack":null}
{"timestamp":"2026-02-09T11:16:40.537625","level":"DEBUG","tag":"","message":"♻️ Stopping old server...","error":null,"stack":null}
{"timestamp":"2026-02-09T11:16:40.636516","level":"DEBUG","tag":"","message":"🚀 Starting server...","error":null,"stack":null}
{"timestamp":"2026-02-09T11:16:42.647896","level":"DEBUG","tag":"","message":"✅ Server started","error":null,"stack":null}
{"timestamp":"2026-02-09T11:16:49.180388","level":"DEBUG","tag":"","message":"[FLINT] ⚠️ Hot reload is ENABLED.","error":null,"stack":null}
{"timestamp":"2026-02-09T11:16:49.187208","level":"DEBUG","tag":"","message":"FLINT_HOT=1","error":null,"stack":null}
{"timestamp":"2026-02-09T11:16:49.222416","level":"DEBUG","tag":"","message":"[FLINT] Server Worker running on http://localhost:3030 (PID: 35769)","error":null,"stack":null}
{"timestamp":"2026-02-09T11:16:49.228478","level":"DEBUG","tag":"","message":"[FLINT] Database auto-connected via .env","error":null,"stack":null}
{"timestamp":"2026-02-09T11:16:49.232693","level":"DEBUG","tag":"","message":"📧 Mail server configured for Eucloudhost <noreply@eulogia.net>@smtp.gmail.com","error":null,"stack":null}
{"timestamp":"2026-02-09T11:16:49.233019","level":"INFO","tag":"","message":"📧 Mail configured using provider: gmail","error":null,"stack":null}
{"timestamp":"2026-02-09T11:16:49.423562","level":"DEBUG","tag":"","message":"[DEBUG] Swagger UI directory: /home/aim/Projects/eulogia/flint/flint_dart/lib/swagger/swagger-ui","error":null,"stack":null}
{"timestamp":"2026-02-09T11:16:49.553528","level":"DEBUG","tag":"","message":"✅ MySQL connected to flint_docs@localhost:3306","error":null,"stack":null}
{"timestamp":"2026-02-09T11:17:44.798027","level":"DEBUG","tag":"","message":"[HOT-RELOAD] 🔄 Restarting server...","error":null,"stack":null}
{"timestamp":"2026-02-09T11:17:44.798557","level":"DEBUG","tag":"","message":"♻️ Stopping old server...","error":null,"stack":null}
{"timestamp":"2026-02-09T11:17:44.854090","level":"DEBUG","tag":"","message":"🚀 Starting server...","error":null,"stack":null}
{"timestamp":"2026-02-09T11:17:46.861339","level":"DEBUG","tag":"","message":"✅ Server started","error":null,"stack":null}
{"timestamp":"2026-02-09T11:17:47.447863","level":"DEBUG","tag":"","message":"[HOT-RELOAD] 🔄 Restarting server...","error":null,"stack":null}
{"timestamp":"2026-02-09T11:17:47.448176","level":"DEBUG","tag":"","message":"♻️ Stopping old server...","error":null,"stack":null}
{"timestamp":"2026-02-09T11:17:47.464888","level":"DEBUG","tag":"","message":"🚀 Starting server...","error":null,"stack":null}
{"timestamp":"2026-02-09T11:17:49.473060","level":"DEBUG","tag":"","message":"✅ Server started","error":null,"stack":null}
{"timestamp":"2026-02-09T11:17:51.044914","level":"DEBUG","tag":"","message":"[HOT-RELOAD] 🔄 Restarting server...","error":null,"stack":null}
{"timestamp":"2026-02-09T11:17:51.045205","level":"DEBUG","tag":"","message":"♻️ Stopping old server...","error":null,"stack":null}
{"timestamp":"2026-02-09T11:17:51.052841","level":"DEBUG","tag":"","message":"🚀 Starting server...","error":null,"stack":null}
{"timestamp":"2026-02-09T11:17:51.607257","level":"DEBUG","tag":"","message":"[HOT-RELOAD] 🔄 Restarting server...","error":null,"stack":null}
{"timestamp":"2026-02-09T11:17:51.608013","level":"DEBUG","tag":"","message":"♻️ Stopping old server...","error":null,"stack":null}
{"timestamp":"2026-02-09T11:17:51.622665","level":"DEBUG","tag":"","message":"⚠️ Server failed to start: -2","error":null,"stack":null}
{"timestamp":"2026-02-09T11:17:51.623439","level":"DEBUG","tag":"","message":"🚀 Starting server...","error":null,"stack":null}
{"timestamp":"2026-02-09T11:17:53.654999","level":"DEBUG","tag":"","message":"✅ Server started","error":null,"stack":null}
{"timestamp":"2026-02-09T11:18:01.059302","level":"DEBUG","tag":"","message":"[FLINT] ⚠️ Hot reload is ENABLED.","error":null,"stack":null}
{"timestamp":"2026-02-09T11:18:01.064531","level":"DEBUG","tag":"","message":"FLINT_HOT=1","error":null,"stack":null}
{"timestamp":"2026-02-09T11:18:01.084638","level":"DEBUG","tag":"","message":"[FLINT] Server Worker running on http://localhost:3030 (PID: 36087)","error":null,"stack":null}
{"timestamp":"2026-02-09T11:18:01.089980","level":"DEBUG","tag":"","message":"📧 Mail server configured for Eucloudhost <noreply@eulogia.net>@smtp.gmail.com","error":null,"stack":null}
{"timestamp":"2026-02-09T11:18:01.088566","level":"DEBUG","tag":"","message":"[FLINT] Database auto-connected via .env","error":null,"stack":null}
{"timestamp":"2026-02-09T11:18:01.090223","level":"INFO","tag":"","message":"📧 Mail configured using provider: gmail","error":null,"stack":null}
{"timestamp":"2026-02-09T11:18:01.205602","level":"DEBUG","tag":"","message":"[DEBUG] Swagger UI directory: /home/aim/Projects/eulogia/flint/flint_dart/lib/swagger/swagger-ui","error":null,"stack":null}
{"timestamp":"2026-02-09T11:18:01.243183","level":"DEBUG","tag":"","message":"✅ MySQL connected to flint_docs@localhost:3306","error":null,"stack":null}
{"timestamp":"2026-02-09T11:18:32.579398","level":"DEBUG","tag":"","message":"[HOT-RELOAD] 🔄 Restarting server...","error":null,"stack":null}
{"timestamp":"2026-02-09T11:18:32.580517","level":"DEBUG","tag":"","message":"♻️ Stopping old server...","error":null,"stack":null}
{"timestamp":"2026-02-09T11:18:32.700200","level":"DEBUG","tag":"","message":"🚀 Starting server...","error":null,"stack":null}
{"timestamp":"2026-02-09T11:18:34.711913","level":"DEBUG","tag":"","message":"✅ Server started","error":null,"stack":null}
{"timestamp":"2026-02-09T11:18:41.315040","level":"DEBUG","tag":"","message":"[FLINT] ⚠️ Hot reload is ENABLED.","error":null,"stack":null}
{"timestamp":"2026-02-09T11:18:41.322515","level":"DEBUG","tag":"","message":"FLINT_HOT=1","error":null,"stack":null}
{"timestamp":"2026-02-09T11:18:41.355264","level":"DEBUG","tag":"","message":"[FLINT] Server Worker running on http://localhost:3030 (PID: 36395)","error":null,"stack":null}
{"timestamp":"2026-02-09T11:18:41.363105","level":"DEBUG","tag":"","message":"[FLINT] Database auto-connected via .env","error":null,"stack":null}
{"timestamp":"2026-02-09T11:18:41.366355","level":"DEBUG","tag":"","message":"📧 Mail server configured for Eucloudhost <noreply@eulogia.net>@smtp.gmail.com","error":null,"stack":null}
{"timestamp":"2026-02-09T11:18:41.366885","level":"INFO","tag":"","message":"📧 Mail configured using provider: gmail","error":null,"stack":null}
{"timestamp":"2026-02-09T11:18:41.598659","level":"DEBUG","tag":"","message":"[DEBUG] Swagger UI directory: /home/aim/Projects/eulogia/flint/flint_dart/lib/swagger/swagger-ui","error":null,"stack":null}
{"timestamp":"2026-02-09T11:18:41.711929","level":"DEBUG","tag":"","message":"✅ MySQL connected to flint_docs@localhost:3306","error":null,"stack":null}
{"timestamp":"2026-02-09T11:34:21.048294","level":"DEBUG","tag":"","message":"[HOT-RELOAD] 🔄 Restarting server...","error":null,"stack":null}
{"timestamp":"2026-02-09T11:34:21.050033","level":"DEBUG","tag":"","message":"♻️ Stopping old server...","error":null,"stack":null}
{"timestamp":"2026-02-09T11:34:21.119688","level":"DEBUG","tag":"","message":"🚀 Starting server...","error":null,"stack":null}
{"timestamp":"2026-02-09T11:34:23.145022","level":"DEBUG","tag":"","message":"✅ Server started","error":null,"stack":null}
{"timestamp":"2026-02-09T11:34:27.696915","level":"DEBUG","tag":"","message":"[FLINT] ⚠️ Hot reload is ENABLED.","error":null,"stack":null}
{"timestamp":"2026-02-09T11:34:27.702891","level":"DEBUG","tag":"","message":"FLINT_HOT=1","error":null,"stack":null}
{"timestamp":"2026-02-09T11:34:27.724985","level":"DEBUG","tag":"","message":"[FLINT] Server Worker running on http://localhost:3030 (PID: 38953)","error":null,"stack":null}
{"timestamp":"2026-02-09T11:34:27.730153","level":"DEBUG","tag":"","message":"[FLINT] Database auto-connected via .env","error":null,"stack":null}
{"timestamp":"2026-02-09T11:34:27.733115","level":"DEBUG","tag":"","message":"📧 Mail server configured for Eucloudhost <noreply@eulogia.net>@smtp.gmail.com","error":null,"stack":null}
{"timestamp":"2026-02-09T11:34:27.733633","level":"INFO","tag":"","message":"📧 Mail configured using provider: gmail","error":null,"stack":null}
{"timestamp":"2026-02-09T11:34:27.872180","level":"DEBUG","tag":"","message":"[DEBUG] Swagger UI directory: /home/aim/Projects/eulogia/flint/flint_dart/lib/swagger/swagger-ui","error":null,"stack":null}
{"timestamp":"2026-02-09T11:34:28.009246","level":"DEBUG","tag":"","message":"✅ MySQL connected to flint_docs@localhost:3306","error":null,"stack":null}
{"timestamp":"2026-02-09T11:38:00.358841","level":"DEBUG","tag":"","message":"[HOT-RELOAD] 📁 File: lib/views/questions/show.flint.html","error":null,"stack":null}
{"timestamp":"2026-02-09T11:38:00.358386","level":"DEBUG","tag":"","message":"[HOT-RELOAD] 🔄 Template changed: questions.show","error":null,"stack":null}
{"timestamp":"2026-02-09T11:38:13.732311","level":"DEBUG","tag":"","message":"[HOT-RELOAD] 🔄 Template changed: layouts.app","error":null,"stack":null}
{"timestamp":"2026-02-09T11:38:13.732655","level":"DEBUG","tag":"","message":"[HOT-RELOAD] 📁 File: lib/views/layouts/app.flint.html","error":null,"stack":null}
{"timestamp":"2026-02-09T11:41:41.239490","level":"DEBUG","tag":"","message":"[HOT-RELOAD] 🔄 Template changed: questions.show","error":null,"stack":null}
{"timestamp":"2026-02-09T11:41:41.239881","level":"DEBUG","tag":"","message":"[HOT-RELOAD] 📁 File: lib/views/questions/show.flint.html","error":null,"stack":null}
{"timestamp":"2026-02-09T11:41:49.465201","level":"DEBUG","tag":"","message":"[HOT-RELOAD] 🔄 Template changed: layouts.app","error":null,"stack":null}
{"timestamp":"2026-02-09T11:41:49.465545","level":"DEBUG","tag":"","message":"[HOT-RELOAD] 📁 File: lib/views/layouts/app.flint.html","error":null,"stack":null}
{"timestamp":"2026-02-09T11:45:18.128540","level":"DEBUG","tag":"","message":"[HOT-RELOAD] 🔄 Template changed: questions.show","error":null,"stack":null}
{"timestamp":"2026-02-09T11:45:18.129016","level":"DEBUG","tag":"","message":"[HOT-RELOAD] 📁 File: lib/views/questions/show.flint.html","error":null,"stack":null}
{"timestamp":"2026-02-09T11:45:31.673960","level":"DEBUG","tag":"","message":"[HOT-RELOAD] 🔄 Template changed: layouts.app","error":null,"stack":null}
{"timestamp":"2026-02-09T11:45:31.674256","level":"DEBUG","tag":"","message":"[HOT-RELOAD] 📁 File: lib/views/layouts/app.flint.html","error":null,"stack":null}
{"timestamp":"2026-02-09T11:50:34.413641","level":"DEBUG","tag":"","message":"[HOT-RELOAD] 🔄 Template changed: layouts.app","error":null,"stack":null}
{"timestamp":"2026-02-09T11:50:34.413940","level":"DEBUG","tag":"","message":"[HOT-RELOAD] 📁 File: lib/views/layouts/app.flint.html","error":null,"stack":null}
{"timestamp":"2026-02-09T11:50:49.037641","level":"DEBUG","tag":"","message":"[HOT-RELOAD] 🔄 Template changed: layouts.app","error":null,"stack":null}
{"timestamp":"2026-02-09T11:50:49.038109","level":"DEBUG","tag":"","message":"[HOT-RELOAD] 📁 File: lib/views/layouts/app.flint.html","error":null,"stack":null}
{"timestamp":"2026-02-09T11:52:20.095558","level":"DEBUG","tag":"","message":"[HOT-RELOAD] 🔄 Template changed: questions.show","error":null,"stack":null}
{"timestamp":"2026-02-09T11:52:20.095906","level":"DEBUG","tag":"","message":"[HOT-RELOAD] 📁 File: lib/views/questions/show.flint.html","error":null,"stack":null}
{"timestamp":"2026-02-09T11:52:34.535539","level":"DEBUG","tag":"","message":"[HOT-RELOAD] 🔄 Template changed: layouts.app","error":null,"stack":null}
{"timestamp":"2026-02-09T11:52:34.535931","level":"DEBUG","tag":"","message":"[HOT-RELOAD] 📁 File: lib/views/layouts/app.flint.html","error":null,"stack":null}
{"timestamp":"2026-02-09T11:53:09.232466","level":"DEBUG","tag":"","message":"[HOT-RELOAD] 🔄 Template changed: layouts.app","error":null,"stack":null}
{"timestamp":"2026-02-09T11:53:09.232796","level":"DEBUG","tag":"","message":"[HOT-RELOAD] 📁 File: lib/views/layouts/app.flint.html","error":null,"stack":null}
{"timestamp":"2026-02-09T12:03:43.907144","level":"DEBUG","tag":"","message":"[HOT-RELOAD] 🔄 Template changed: layouts.app","error":null,"stack":null}
{"timestamp":"2026-02-09T12:03:43.907384","level":"DEBUG","tag":"","message":"[HOT-RELOAD] 📁 File: lib/views/layouts/app.flint.html","error":null,"stack":null}
{"timestamp":"2026-02-09T12:06:57.156906","level":"DEBUG","tag":"","message":"[HOT-RELOAD] 🔄 Restarting server...","error":null,"stack":null}
{"timestamp":"2026-02-09T12:06:57.157166","level":"DEBUG","tag":"","message":"♻️ Stopping old server...","error":null,"stack":null}
{"timestamp":"2026-02-09T12:06:57.203150","level":"DEBUG","tag":"","message":"🚀 Starting server...","error":null,"stack":null}
{"timestamp":"2026-02-09T12:06:59.213984","level":"DEBUG","tag":"","message":"✅ Server started","error":null,"stack":null}
{"timestamp":"2026-02-09T12:07:06.445746","level":"DEBUG","tag":"","message":"[FLINT] ⚠️ Hot reload is ENABLED.","error":null,"stack":null}
{"timestamp":"2026-02-09T12:07:06.452912","level":"DEBUG","tag":"","message":"FLINT_HOT=1","error":null,"stack":null}
{"timestamp":"2026-02-09T12:07:06.480797","level":"DEBUG","tag":"","message":"[FLINT] Server Worker running on http://localhost:3030 (PID: 45870)","error":null,"stack":null}
{"timestamp":"2026-02-09T12:07:06.486033","level":"DEBUG","tag":"","message":"[FLINT] Database auto-connected via .env","error":null,"stack":null}
{"timestamp":"2026-02-09T12:07:06.488151","level":"DEBUG","tag":"","message":"📧 Mail server configured for Eucloudhost <noreply@eulogia.net>@smtp.gmail.com","error":null,"stack":null}
{"timestamp":"2026-02-09T12:07:06.488532","level":"INFO","tag":"","message":"📧 Mail configured using provider: gmail","error":null,"stack":null}
{"timestamp":"2026-02-09T12:07:06.753486","level":"DEBUG","tag":"","message":"[DEBUG] Swagger UI directory: /home/aim/Projects/eulogia/flint/flint_dart/lib/swagger/swagger-ui","error":null,"stack":null}
{"timestamp":"2026-02-09T12:07:06.869916","level":"DEBUG","tag":"","message":"✅ MySQL connected to flint_docs@localhost:3306","error":null,"stack":null}
{"timestamp":"2026-02-09T12:19:33.191845","level":"DEBUG","tag":"","message":"[HOT-RELOAD] 🔄 Template changed: layouts.app","error":null,"stack":null}
{"timestamp":"2026-02-09T12:19:33.193391","level":"DEBUG","tag":"","message":"[HOT-RELOAD] 📁 File: lib/views/layouts/app.flint.html","error":null,"stack":null}
{"timestamp":"2026-02-09T12:19:43.749230","level":"DEBUG","tag":"","message":"[HOT-RELOAD] 🔄 Template changed: layouts.app","error":null,"stack":null}
{"timestamp":"2026-02-09T12:19:43.749642","level":"DEBUG","tag":"","message":"[HOT-RELOAD] 📁 File: lib/views/layouts/app.flint.html","error":null,"stack":null}
{"timestamp":"2026-02-09T12:23:22.610055","level":"DEBUG","tag":"","message":"[HOT-RELOAD] 🔄 Restarting server...","error":null,"stack":null}
{"timestamp":"2026-02-09T12:23:22.611218","level":"DEBUG","tag":"","message":"♻️ Stopping old server...","error":null,"stack":null}
{"timestamp":"2026-02-09T12:23:22.716603","level":"DEBUG","tag":"","message":"🚀 Starting server...","error":null,"stack":null}
{"timestamp":"2026-02-09T12:23:24.729018","level":"DEBUG","tag":"","message":"✅ Server started","error":null,"stack":null}
{"timestamp":"2026-02-09T12:23:30.326897","level":"DEBUG","tag":"","message":"[FLINT] ⚠️ Hot reload is ENABLED.","error":null,"stack":null}
{"timestamp":"2026-02-09T12:23:30.334749","level":"DEBUG","tag":"","message":"FLINT_HOT=1","error":null,"stack":null}
{"timestamp":"2026-02-09T12:23:30.364677","level":"DEBUG","tag":"","message":"[FLINT] Server Worker running on http://localhost:3030 (PID: 49514)","error":null,"stack":null}
{"timestamp":"2026-02-09T12:23:30.368720","level":"DEBUG","tag":"","message":"[FLINT] Database auto-connected via .env","error":null,"stack":null}
{"timestamp":"2026-02-09T12:23:30.370181","level":"DEBUG","tag":"","message":"📧 Mail server configured for Eucloudhost <noreply@eulogia.net>@smtp.gmail.com","error":null,"stack":null}
{"timestamp":"2026-02-09T12:23:30.370426","level":"INFO","tag":"","message":"📧 Mail configured using provider: gmail","error":null,"stack":null}
{"timestamp":"2026-02-09T12:23:30.575748","level":"DEBUG","tag":"","message":"[DEBUG] Swagger UI directory: /home/aim/Projects/eulogia/flint/flint_dart/lib/swagger/swagger-ui","error":null,"stack":null}
{"timestamp":"2026-02-09T12:23:30.705844","level":"DEBUG","tag":"","message":"✅ MySQL connected to flint_docs@localhost:3306","error":null,"stack":null}
{"timestamp":"2026-02-09T12:25:00.284628","level":"DEBUG","tag":"","message":"[HOT-RELOAD] 🔄 Template changed: questions.show","error":null,"stack":null}
{"timestamp":"2026-02-09T12:25:00.285266","level":"DEBUG","tag":"","message":"[HOT-RELOAD] 📁 File: lib/views/questions/show.flint.html","error":null,"stack":null}
{"timestamp":"2026-02-09T12:25:05.680935","level":"DEBUG","tag":"","message":"[HOT-RELOAD] 🔄 Template changed: layouts.app","error":null,"stack":null}
{"timestamp":"2026-02-09T12:25:05.682259","level":"DEBUG","tag":"","message":"[HOT-RELOAD] 📁 File: lib/views/layouts/app.flint.html","error":null,"stack":null}
{"timestamp":"2026-02-09T12:25:30.613129","level":"DEBUG","tag":"","message":"[HOT-RELOAD] 🔄 Restarting server...","error":null,"stack":null}
{"timestamp":"2026-02-09T12:25:30.613985","level":"DEBUG","tag":"","message":"♻️ Stopping old server...","error":null,"stack":null}
{"timestamp":"2026-02-09T12:25:30.738934","level":"DEBUG","tag":"","message":"🚀 Starting server...","error":null,"stack":null}
{"timestamp":"2026-02-09T12:25:32.765001","level":"DEBUG","tag":"","message":"✅ Server started","error":null,"stack":null}
{"timestamp":"2026-02-09T12:25:39.493513","level":"DEBUG","tag":"","message":"[FLINT] ⚠️ Hot reload is ENABLED.","error":null,"stack":null}
{"timestamp":"2026-02-09T12:25:39.504134","level":"DEBUG","tag":"","message":"FLINT_HOT=1","error":null,"stack":null}
{"timestamp":"2026-02-09T12:25:39.539304","level":"DEBUG","tag":"","message":"[FLINT] Server Worker running on http://localhost:3030 (PID: 50132)","error":null,"stack":null}
{"timestamp":"2026-02-09T12:25:39.544921","level":"DEBUG","tag":"","message":"[FLINT] Database auto-connected via .env","error":null,"stack":null}
{"timestamp":"2026-02-09T12:25:39.548515","level":"DEBUG","tag":"","message":"📧 Mail server configured for Eucloudhost <noreply@eulogia.net>@smtp.gmail.com","error":null,"stack":null}
{"timestamp":"2026-02-09T12:25:39.549270","level":"INFO","tag":"","message":"📧 Mail configured using provider: gmail","error":null,"stack":null}
{"timestamp":"2026-02-09T12:25:39.756448","level":"DEBUG","tag":"","message":"[DEBUG] Swagger UI directory: /home/aim/Projects/eulogia/flint/flint_dart/lib/swagger/swagger-ui","error":null,"stack":null}
{"timestamp":"2026-02-09T12:25:39.879762","level":"DEBUG","tag":"","message":"✅ MySQL connected to flint_docs@localhost:3306","error":null,"stack":null}
{"timestamp":"2026-02-09T12:26:20.085592","level":"DEBUG","tag":"","message":"[HOT-RELOAD] 🔄 Template changed: layouts.app","error":null,"stack":null}
{"timestamp":"2026-02-09T12:26:20.086434","level":"DEBUG","tag":"","message":"[HOT-RELOAD] 📁 File: lib/views/layouts/app.flint.html","error":null,"stack":null}
{"timestamp":"2026-02-09T12:26:51.987067","level":"DEBUG","tag":"","message":"[HOT-RELOAD] 🔄 Restarting server...","error":null,"stack":null}
{"timestamp":"2026-02-09T12:26:51.987653","level":"DEBUG","tag":"","message":"♻️ Stopping old server...","error":null,"stack":null}
{"timestamp":"2026-02-09T12:26:52.111641","level":"DEBUG","tag":"","message":"🚀 Starting server...","error":null,"stack":null}
{"timestamp":"2026-02-09T12:26:54.134164","level":"DEBUG","tag":"","message":"✅ Server started","error":null,"stack":null}
{"timestamp":"2026-02-09T12:27:00.096016","level":"DEBUG","tag":"","message":"[FLINT] ⚠️ Hot reload is ENABLED.","error":null,"stack":null}
{"timestamp":"2026-02-09T12:27:00.111787","level":"DEBUG","tag":"","message":"FLINT_HOT=1","error":null,"stack":null}
{"timestamp":"2026-02-09T12:27:00.160161","level":"DEBUG","tag":"","message":"[FLINT] Server Worker running on http://localhost:3030 (PID: 50626)","error":null,"stack":null}
{"timestamp":"2026-02-09T12:27:00.165600","level":"DEBUG","tag":"","message":"[FLINT] Database auto-connected via .env","error":null,"stack":null}
{"timestamp":"2026-02-09T12:27:00.167756","level":"DEBUG","tag":"","message":"📧 Mail server configured for Eucloudhost <noreply@eulogia.net>@smtp.gmail.com","error":null,"stack":null}
{"timestamp":"2026-02-09T12:27:00.168093","level":"INFO","tag":"","message":"📧 Mail configured using provider: gmail","error":null,"stack":null}
{"timestamp":"2026-02-09T12:27:00.345556","level":"DEBUG","tag":"","message":"[DEBUG] Swagger UI directory: /home/aim/Projects/eulogia/flint/flint_dart/lib/swagger/swagger-ui","error":null,"stack":null}
{"timestamp":"2026-02-09T12:27:00.474062","level":"DEBUG","tag":"","message":"✅ MySQL connected to flint_docs@localhost:3306","error":null,"stack":null}
{"timestamp":"2026-02-09T12:33:36.498154","level":"DEBUG","tag":"","message":"[HOT-RELOAD] 🔄 Template changed: layouts.app","error":null,"stack":null}
{"timestamp":"2026-02-09T12:33:36.498489","level":"DEBUG","tag":"","message":"[HOT-RELOAD] 📁 File: lib/views/layouts/app.flint.html","error":null,"stack":null}
{"timestamp":"2026-02-09T12:33:47.784421","level":"DEBUG","tag":"","message":"[HOT-RELOAD] 🔄 Template changed: layouts.app","error":null,"stack":null}
{"timestamp":"2026-02-09T12:33:47.785054","level":"DEBUG","tag":"","message":"[HOT-RELOAD] 📁 File: lib/views/layouts/app.flint.html","error":null,"stack":null}
{"timestamp":"2026-02-09T12:39:01.429902","level":"DEBUG","tag":"","message":"[HOT-RELOAD] 🔄 Restarting server...","error":null,"stack":null}
{"timestamp":"2026-02-09T12:39:01.430187","level":"DEBUG","tag":"","message":"♻️ Stopping old server...","error":null,"stack":null}
{"timestamp":"2026-02-09T12:39:01.491594","level":"DEBUG","tag":"","message":"🚀 Starting server...","error":null,"stack":null}
{"timestamp":"2026-02-09T12:39:03.501991","level":"DEBUG","tag":"","message":"✅ Server started","error":null,"stack":null}
{"timestamp":"2026-02-09T12:39:14.746477","level":"DEBUG","tag":"","message":"[FLINT] ⚠️ Hot reload is ENABLED.","error":null,"stack":null}
{"timestamp":"2026-02-09T12:39:14.766880","level":"DEBUG","tag":"","message":"FLINT_HOT=1","error":null,"stack":null}
{"timestamp":"2026-02-09T12:39:14.806585","level":"DEBUG","tag":"","message":"[FLINT] Server Worker running on http://localhost:3030 (PID: 52893)","error":null,"stack":null}
{"timestamp":"2026-02-09T12:39:14.812215","level":"DEBUG","tag":"","message":"[FLINT] Database auto-connected via .env","error":null,"stack":null}
{"timestamp":"2026-02-09T12:39:14.814477","level":"DEBUG","tag":"","message":"📧 Mail server configured for Eucloudhost <noreply@eulogia.net>@smtp.gmail.com","error":null,"stack":null}
{"timestamp":"2026-02-09T12:39:14.815190","level":"INFO","tag":"","message":"📧 Mail configured using provider: gmail","error":null,"stack":null}
{"timestamp":"2026-02-09T12:39:15.023074","level":"DEBUG","tag":"","message":"[DEBUG] Swagger UI directory: /home/aim/Projects/eulogia/flint/flint_dart/lib/swagger/swagger-ui","error":null,"stack":null}
{"timestamp":"2026-02-09T12:39:15.136099","level":"DEBUG","tag":"","message":"✅ MySQL connected to flint_docs@localhost:3306","error":null,"stack":null}
{"timestamp":"2026-02-09T12:44:00.078059","level":"DEBUG","tag":"","message":"[HOT-RELOAD] 🔄 Restarting server...","error":null,"stack":null}
{"timestamp":"2026-02-09T12:44:00.078976","level":"DEBUG","tag":"","message":"♻️ Stopping old server...","error":null,"stack":null}
{"timestamp":"2026-02-09T12:44:00.206820","level":"DEBUG","tag":"","message":"🚀 Starting server...","error":null,"stack":null}
{"timestamp":"2026-02-09T12:44:01.695978","level":"DEBUG","tag":"","message":"[HOT-RELOAD] 🔄 Restarting server...","error":null,"stack":null}
{"timestamp":"2026-02-09T12:44:01.696463","level":"DEBUG","tag":"","message":"♻️ Stopping old server...","error":null,"stack":null}
{"timestamp":"2026-02-09T12:44:01.729936","level":"DEBUG","tag":"","message":"⚠️ Server failed to start: -2","error":null,"stack":null}
{"timestamp":"2026-02-09T12:44:01.730425","level":"DEBUG","tag":"","message":"🚀 Starting server...","error":null,"stack":null}
{"timestamp":"2026-02-09T12:44:03.809263","level":"DEBUG","tag":"","message":"✅ Server started","error":null,"stack":null}
{"timestamp":"2026-02-09T12:44:06.265913","level":"DEBUG","tag":"","message":"[HOT-RELOAD] 🔄 Restarting server...","error":null,"stack":null}
{"timestamp":"2026-02-09T12:44:06.266258","level":"DEBUG","tag":"","message":"♻️ Stopping old server...","error":null,"stack":null}
{"timestamp":"2026-02-09T12:44:06.314056","level":"DEBUG","tag":"","message":"🚀 Starting server...","error":null,"stack":null}
{"timestamp":"2026-02-09T12:44:07.457948","level":"DEBUG","tag":"","message":"[HOT-RELOAD] 🔄 Restarting server...","error":null,"stack":null}
{"timestamp":"2026-02-09T12:44:07.458356","level":"DEBUG","tag":"","message":"♻️ Stopping old server...","error":null,"stack":null}
{"timestamp":"2026-02-09T12:44:07.482734","level":"DEBUG","tag":"","message":"⚠️ Server failed to start: -2","error":null,"stack":null}
{"timestamp":"2026-02-09T12:44:07.483208","level":"DEBUG","tag":"","message":"🚀 Starting server...","error":null,"stack":null}
{"timestamp":"2026-02-09T12:44:09.499956","level":"DEBUG","tag":"","message":"✅ Server started","error":null,"stack":null}
{"timestamp":"2026-02-09T12:44:15.193419","level":"DEBUG","tag":"","message":"[FLINT] ⚠️ Hot reload is ENABLED.","error":null,"stack":null}
{"timestamp":"2026-02-09T12:44:15.201926","level":"DEBUG","tag":"","message":"FLINT_HOT=1","error":null,"stack":null}
{"timestamp":"2026-02-09T12:44:15.233753","level":"DEBUG","tag":"","message":"[FLINT] Server Worker running on http://localhost:3030 (PID: 53932)","error":null,"stack":null}
{"timestamp":"2026-02-09T12:44:15.239154","level":"DEBUG","tag":"","message":"[FLINT] Database auto-connected via .env","error":null,"stack":null}
{"timestamp":"2026-02-09T12:44:15.241222","level":"DEBUG","tag":"","message":"📧 Mail server configured for Eucloudhost <noreply@eulogia.net>@smtp.gmail.com","error":null,"stack":null}
{"timestamp":"2026-02-09T12:44:15.241929","level":"INFO","tag":"","message":"📧 Mail configured using provider: gmail","error":null,"stack":null}
{"timestamp":"2026-02-09T12:44:15.452411","level":"DEBUG","tag":"","message":"[DEBUG] Swagger UI directory: /home/aim/Projects/eulogia/flint/flint_dart/lib/swagger/swagger-ui","error":null,"stack":null}
{"timestamp":"2026-02-09T12:44:15.575039","level":"DEBUG","tag":"","message":"✅ MySQL connected to flint_docs@localhost:3306","error":null,"stack":null}
{"timestamp":"2026-02-09T12:46:20.005100","level":"DEBUG","tag":"","message":"[HOT-RELOAD] 🔄 Restarting server...","error":null,"stack":null}
{"timestamp":"2026-02-09T12:46:20.005814","level":"DEBUG","tag":"","message":"♻️ Stopping old server...","error":null,"stack":null}
{"timestamp":"2026-02-09T12:46:20.131208","level":"DEBUG","tag":"","message":"🚀 Starting server...","error":null,"stack":null}
{"timestamp":"2026-02-09T12:46:22.151109","level":"DEBUG","tag":"","message":"✅ Server started","error":null,"stack":null}
{"timestamp":"2026-02-09T12:46:29.677096","level":"DEBUG","tag":"","message":"[FLINT] ⚠️ Hot reload is ENABLED.","error":null,"stack":null}
{"timestamp":"2026-02-09T12:46:29.689071","level":"DEBUG","tag":"","message":"FLINT_HOT=1","error":null,"stack":null}
{"timestamp":"2026-02-09T12:46:29.738617","level":"DEBUG","tag":"","message":"[FLINT] Server Worker running on http://localhost:3030 (PID: 54595)","error":null,"stack":null}
{"timestamp":"2026-02-09T12:46:29.752383","level":"DEBUG","tag":"","message":"[FLINT] Database auto-connected via .env","error":null,"stack":null}
{"timestamp":"2026-02-09T12:46:29.757678","level":"DEBUG","tag":"","message":"📧 Mail server configured for Eucloudhost <noreply@eulogia.net>@smtp.gmail.com","error":null,"stack":null}
{"timestamp":"2026-02-09T12:46:29.759547","level":"INFO","tag":"","message":"📧 Mail configured using provider: gmail","error":null,"stack":null}
{"timestamp":"2026-02-09T12:46:30.037942","level":"DEBUG","tag":"","message":"[DEBUG] Swagger UI directory: /home/aim/Projects/eulogia/flint/flint_dart/lib/swagger/swagger-ui","error":null,"stack":null}
{"timestamp":"2026-02-09T12:46:30.148821","level":"DEBUG","tag":"","message":"✅ MySQL connected to flint_docs@localhost:3306","error":null,"stack":null}
