{"timestamp":"2026-02-11T05:01:26.603053","level":"DEBUG","tag":"","message":"[FLINT] ⚠️ Hot reload is ENABLED.","error":null,"stack":null}
{"timestamp":"2026-02-11T05:01:26.609081","level":"DEBUG","tag":"","message":"FLINT_HOT=null","error":null,"stack":null}
{"timestamp":"2026-02-11T05:01:26.610302","level":"DEBUG","tag":"","message":"[FLINT] Starting Parent Launcher (PID: 5631)...","error":null,"stack":null}
{"timestamp":"2026-02-11T05:01:26.709444","level":"DEBUG","tag":"","message":"[DEBUG] Swagger UI directory: /home/aim/Projects/eulogia/flint/flint_dart/lib/swagger/swagger-ui","error":null,"stack":null}
{"timestamp":"2026-02-11T05:02:07.684828","level":"DEBUG","tag":"","message":"🔥 Flint Hot Reload Watcher Started","error":null,"stack":null}
{"timestamp":"2026-02-11T05:02:07.696035","level":"DEBUG","tag":"","message":"📂 Watching: lib/","error":null,"stack":null}
{"timestamp":"2026-02-11T05:02:07.696260","level":"DEBUG","tag":"","message":"⏱️  Debounce: 300ms for templates, 500ms for server code","error":null,"stack":null}
{"timestamp":"2026-02-11T05:02:07.696570","level":"DEBUG","tag":"","message":"📡 Server endpoint: http://localhost:3030/_flint/internal/hot-reload","error":null,"stack":null}
{"timestamp":"2026-02-11T05:02:07.696800","level":"DEBUG","tag":"","message":"────────────────────────────────────────────────","error":null,"stack":null}
{"timestamp":"2026-02-11T05:02:07.697802","level":"DEBUG","tag":"","message":"🚀 Starting server...","error":null,"stack":null}
{"timestamp":"2026-02-11T05:02:09.759487","level":"DEBUG","tag":"","message":"✅ Server started","error":null,"stack":null}
{"timestamp":"2026-02-11T05:02:54.559007","level":"DEBUG","tag":"","message":"[FLINT] ⚠️ Hot reload is ENABLED.","error":null,"stack":null}
{"timestamp":"2026-02-11T05:02:54.566483","level":"DEBUG","tag":"","message":"FLINT_HOT=1","error":null,"stack":null}
{"timestamp":"2026-02-11T05:02:54.592391","level":"DEBUG","tag":"","message":"[FLINT] Server Worker running on http://localhost:3030 (PID: 5876)","error":null,"stack":null}
{"timestamp":"2026-02-11T05:02:54.596237","level":"DEBUG","tag":"","message":"[FLINT] Database auto-connected via .env","error":null,"stack":null}
{"timestamp":"2026-02-11T05:02:54.598199","level":"DEBUG","tag":"","message":"📧 Mail server configured for Eucloudhost <noreply@eulogia.net>@smtp.gmail.com","error":null,"stack":null}
{"timestamp":"2026-02-11T05:02:54.599690","level":"INFO","tag":"","message":"📧 Mail configured using provider: gmail","error":null,"stack":null}
{"timestamp":"2026-02-11T05:02:54.746550","level":"DEBUG","tag":"","message":"[DEBUG] Swagger UI directory: /home/aim/Projects/eulogia/flint/flint_dart/lib/swagger/swagger-ui","error":null,"stack":null}
{"timestamp":"2026-02-11T05:02:54.879754","level":"DEBUG","tag":"","message":"✅ MySQL connected to flint_docs@localhost:3306","error":null,"stack":null}
{"timestamp":"2026-02-11T06:05:09.541040","level":"DEBUG","tag":"","message":"[HOT-RELOAD] 🔄 Restarting server...","error":null,"stack":null}
{"timestamp":"2026-02-11T06:05:09.544955","level":"DEBUG","tag":"","message":"♻️ Stopping old server...","error":null,"stack":null}
{"timestamp":"2026-02-11T06:05:09.601995","level":"DEBUG","tag":"","message":"🚀 Starting server...","error":null,"stack":null}
{"timestamp":"2026-02-11T06:05:11.615443","level":"DEBUG","tag":"","message":"✅ Server started","error":null,"stack":null}
{"timestamp":"2026-02-11T06:05:28.781546","level":"DEBUG","tag":"","message":"[HOT-RELOAD] 🔄 Restarting server...","error":null,"stack":null}
{"timestamp":"2026-02-11T06:05:28.782611","level":"DEBUG","tag":"","message":"♻️ Stopping old server...","error":null,"stack":null}
{"timestamp":"2026-02-11T06:05:28.801960","level":"DEBUG","tag":"","message":"🚀 Starting server...","error":null,"stack":null}
{"timestamp":"2026-02-11T06:05:30.822765","level":"DEBUG","tag":"","message":"✅ Server started","error":null,"stack":null}
{"timestamp":"2026-02-11T06:05:39.940607","level":"DEBUG","tag":"","message":"[HOT-RELOAD] 🔄 Restarting server...","error":null,"stack":null}
{"timestamp":"2026-02-11T06:05:39.941456","level":"DEBUG","tag":"","message":"♻️ Stopping old server...","error":null,"stack":null}
{"timestamp":"2026-02-11T06:05:39.958169","level":"DEBUG","tag":"","message":"🚀 Starting server...","error":null,"stack":null}
{"timestamp":"2026-02-11T06:05:41.976664","level":"DEBUG","tag":"","message":"✅ Server started","error":null,"stack":null}
{"timestamp":"2026-02-11T06:05:58.111531","level":"DEBUG","tag":"","message":"[HOT-RELOAD] 🔄 Restarting server...","error":null,"stack":null}
{"timestamp":"2026-02-11T06:05:58.112307","level":"DEBUG","tag":"","message":"♻️ Stopping old server...","error":null,"stack":null}
{"timestamp":"2026-02-11T06:05:58.127733","level":"DEBUG","tag":"","message":"🚀 Starting server...","error":null,"stack":null}
{"timestamp":"2026-02-11T06:06:00.139500","level":"DEBUG","tag":"","message":"✅ Server started","error":null,"stack":null}
{"timestamp":"2026-02-11T06:06:31.930504","level":"DEBUG","tag":"","message":"[HOT-RELOAD] 🔄 Restarting server...","error":null,"stack":null}
{"timestamp":"2026-02-11T06:06:31.930982","level":"DEBUG","tag":"","message":"♻️ Stopping old server...","error":null,"stack":null}
{"timestamp":"2026-02-11T06:06:31.939736","level":"DEBUG","tag":"","message":"🚀 Starting server...","error":null,"stack":null}
{"timestamp":"2026-02-11T06:06:33.948773","level":"DEBUG","tag":"","message":"✅ Server started","error":null,"stack":null}
{"timestamp":"2026-02-11T06:10:11.252456","level":"DEBUG","tag":"","message":"[HOT-RELOAD] 🔄 Restarting server...","error":null,"stack":null}
{"timestamp":"2026-02-11T06:10:11.252842","level":"DEBUG","tag":"","message":"♻️ Stopping old server...","error":null,"stack":null}
{"timestamp":"2026-02-11T06:10:11.253826","level":"DEBUG","tag":"","message":"🚀 Starting server...","error":null,"stack":null}
{"timestamp":"2026-02-11T06:10:13.263599","level":"DEBUG","tag":"","message":"✅ Server started","error":null,"stack":null}
{"timestamp":"2026-02-11T06:10:26.147581","level":"DEBUG","tag":"","message":"[HOT-RELOAD] 🔄 Restarting server...","error":null,"stack":null}
{"timestamp":"2026-02-11T06:10:26.148899","level":"DEBUG","tag":"","message":"♻️ Stopping old server...","error":null,"stack":null}
{"timestamp":"2026-02-11T06:10:26.162252","level":"DEBUG","tag":"","message":"🚀 Starting server...","error":null,"stack":null}
{"timestamp":"2026-02-11T06:10:28.172759","level":"DEBUG","tag":"","message":"✅ Server started","error":null,"stack":null}
{"timestamp":"2026-02-11T06:10:44.324580","level":"DEBUG","tag":"","message":"[HOT-RELOAD] 🔄 Restarting server...","error":null,"stack":null}
{"timestamp":"2026-02-11T06:10:44.325599","level":"DEBUG","tag":"","message":"♻️ Stopping old server...","error":null,"stack":null}
{"timestamp":"2026-02-11T06:10:44.340725","level":"DEBUG","tag":"","message":"🚀 Starting server...","error":null,"stack":null}
{"timestamp":"2026-02-11T06:10:46.357413","level":"DEBUG","tag":"","message":"✅ Server started","error":null,"stack":null}
{"timestamp":"2026-02-11T06:10:47.261376","level":"DEBUG","tag":"","message":"[HOT-RELOAD] 🔄 Restarting server...","error":null,"stack":null}
{"timestamp":"2026-02-11T06:10:47.261666","level":"DEBUG","tag":"","message":"♻️ Stopping old server...","error":null,"stack":null}
{"timestamp":"2026-02-11T06:10:47.269110","level":"DEBUG","tag":"","message":"🚀 Starting server...","error":null,"stack":null}
{"timestamp":"2026-02-11T06:10:49.276613","level":"DEBUG","tag":"","message":"✅ Server started","error":null,"stack":null}
{"timestamp":"2026-02-11T06:11:18.162423","level":"DEBUG","tag":"","message":"[HOT-RELOAD] 🔄 Restarting server...","error":null,"stack":null}
{"timestamp":"2026-02-11T06:11:18.162971","level":"DEBUG","tag":"","message":"♻️ Stopping old server...","error":null,"stack":null}
{"timestamp":"2026-02-11T06:11:18.173611","level":"DEBUG","tag":"","message":"🚀 Starting server...","error":null,"stack":null}
{"timestamp":"2026-02-11T06:11:20.183663","level":"DEBUG","tag":"","message":"✅ Server started","error":null,"stack":null}
{"timestamp":"2026-02-11T06:44:57.593836","level":"DEBUG","tag":"","message":"[HOT-RELOAD] 🔄 Restarting server...","error":null,"stack":null}
{"timestamp":"2026-02-11T06:44:57.594659","level":"DEBUG","tag":"","message":"♻️ Stopping old server...","error":null,"stack":null}
{"timestamp":"2026-02-11T06:44:57.594976","level":"DEBUG","tag":"","message":"🚀 Starting server...","error":null,"stack":null}
{"timestamp":"2026-02-11T06:44:59.602760","level":"DEBUG","tag":"","message":"✅ Server started","error":null,"stack":null}
{"timestamp":"2026-02-11T06:45:03.994380","level":"DEBUG","tag":"","message":"[HOT-RELOAD] 🔄 Restarting server...","error":null,"stack":null}
{"timestamp":"2026-02-11T06:45:03.994792","level":"DEBUG","tag":"","message":"♻️ Stopping old server...","error":null,"stack":null}
{"timestamp":"2026-02-11T06:45:04.035208","level":"DEBUG","tag":"","message":"🚀 Starting server...","error":null,"stack":null}
{"timestamp":"2026-02-11T06:45:06.041392","level":"DEBUG","tag":"","message":"✅ Server started","error":null,"stack":null}
{"timestamp":"2026-02-11T11:55:50.404536","level":"DEBUG","tag":"","message":"[FLINT] ⚠️ Hot reload is ENABLED.","error":null,"stack":null}
{"timestamp":"2026-02-11T11:55:50.419694","level":"DEBUG","tag":"","message":"FLINT_HOT=null","error":null,"stack":null}
{"timestamp":"2026-02-11T11:55:50.425397","level":"DEBUG","tag":"","message":"[FLINT] Starting Parent Launcher (PID: 32520)...","error":null,"stack":null}
{"timestamp":"2026-02-11T11:55:50.698405","level":"DEBUG","tag":"","message":"[DEBUG] Swagger UI directory: /home/aim/Projects/eulogia/flint/flint_dart/lib/swagger/swagger-ui","error":null,"stack":null}
{"timestamp":"2026-02-11T11:55:53.614703","level":"DEBUG","tag":"","message":"🔥 Flint Hot Reload Watcher Started","error":null,"stack":null}
{"timestamp":"2026-02-11T11:55:53.656737","level":"DEBUG","tag":"","message":"📂 Watching: lib/","error":null,"stack":null}
{"timestamp":"2026-02-11T11:55:53.657676","level":"DEBUG","tag":"","message":"⏱️  Debounce: 300ms for templates, 500ms for server code","error":null,"stack":null}
{"timestamp":"2026-02-11T11:55:53.660506","level":"DEBUG","tag":"","message":"📡 Server endpoint: http://localhost:3030/_flint/internal/hot-reload","error":null,"stack":null}
{"timestamp":"2026-02-11T11:55:53.662479","level":"DEBUG","tag":"","message":"────────────────────────────────────────────────","error":null,"stack":null}
{"timestamp":"2026-02-11T11:55:53.666011","level":"DEBUG","tag":"","message":"🚀 Starting server...","error":null,"stack":null}
{"timestamp":"2026-02-11T11:55:55.807730","level":"DEBUG","tag":"","message":"✅ Server started","error":null,"stack":null}
{"timestamp":"2026-02-11T11:56:12.933566","level":"DEBUG","tag":"","message":"[FLINT] ⚠️ Hot reload is ENABLED.","error":null,"stack":null}
{"timestamp":"2026-02-11T11:56:12.946755","level":"DEBUG","tag":"","message":"FLINT_HOT=1","error":null,"stack":null}
{"timestamp":"2026-02-11T11:56:13.019961","level":"DEBUG","tag":"","message":"[FLINT] Server Worker running on http://localhost:3030 (PID: 32722)","error":null,"stack":null}
{"timestamp":"2026-02-11T11:56:13.038867","level":"DEBUG","tag":"","message":"[FLINT] Database auto-connected via .env","error":null,"stack":null}
{"timestamp":"2026-02-11T11:56:13.052096","level":"DEBUG","tag":"","message":"📧 Mail server configured for Eucloudhost <noreply@eulogia.net>@smtp.gmail.com","error":null,"stack":null}
{"timestamp":"2026-02-11T11:56:13.057257","level":"INFO","tag":"","message":"📧 Mail configured using provider: gmail","error":null,"stack":null}
{"timestamp":"2026-02-11T11:56:13.486718","level":"DEBUG","tag":"","message":"[DEBUG] Swagger UI directory: /home/aim/Projects/eulogia/flint/flint_dart/lib/swagger/swagger-ui","error":null,"stack":null}
{"timestamp":"2026-02-11T11:56:13.653451","level":"DEBUG","tag":"","message":"✅ MySQL connected to flint_docs@localhost:3306","error":null,"stack":null}
{"timestamp":"2026-02-11T11:56:18.115869","level":"DEBUG","tag":"","message":"[HOT-RELOAD] 🔄 Template changed: guides.partials.getting-started-routing","error":null,"stack":null}
{"timestamp":"2026-02-11T11:56:18.116493","level":"DEBUG","tag":"","message":"[HOT-RELOAD] 📁 File: lib/views/guides/partials/getting-started-routing.flint.html","error":null,"stack":null}
{"timestamp":"2026-02-11T11:56:29.448403","level":"DEBUG","tag":"","message":"[HOT-RELOAD] 🔄 Template changed: guides.partials.getting-started-websocket","error":null,"stack":null}
{"timestamp":"2026-02-11T11:56:29.449260","level":"DEBUG","tag":"","message":"[HOT-RELOAD] 📁 File: lib/views/guides/partials/getting-started-websocket.flint.html","error":null,"stack":null}
{"timestamp":"2026-02-11T11:56:35.425030","level":"DEBUG","tag":"","message":"[HOT-RELOAD] 🔄 Template changed: api.partials.api-flint-class","error":null,"stack":null}
{"timestamp":"2026-02-11T11:56:35.426526","level":"DEBUG","tag":"","message":"[HOT-RELOAD] 📁 File: lib/views/api/partials/api-flint-class.flint.html","error":null,"stack":null}
{"timestamp":"2026-02-11T11:56:40.295417","level":"DEBUG","tag":"","message":"[HOT-RELOAD] 🔄 Template changed: api.partials.api-router","error":null,"stack":null}
{"timestamp":"2026-02-11T11:56:40.299162","level":"DEBUG","tag":"","message":"[HOT-RELOAD] 📁 File: lib/views/api/partials/api-router.flint.html","error":null,"stack":null}
{"timestamp":"2026-02-11T11:56:54.430690","level":"DEBUG","tag":"","message":"[HOT-RELOAD] 🔄 Template changed: api.partials.api-flint-class","error":null,"stack":null}
{"timestamp":"2026-02-11T11:56:54.431075","level":"DEBUG","tag":"","message":"[HOT-RELOAD] 📁 File: lib/views/api/partials/api-flint-class.flint.html","error":null,"stack":null}
{"timestamp":"2026-02-11T11:58:45.690964","level":"DEBUG","tag":"","message":"[HOT-RELOAD] 📁 File: lib/views/api/partials/api-router.flint.html","error":null,"stack":null}
{"timestamp":"2026-02-11T11:58:45.690060","level":"DEBUG","tag":"","message":"[HOT-RELOAD] 🔄 Template changed: api.partials.api-router","error":null,"stack":null}
{"timestamp":"2026-02-11T11:59:50.693705","level":"DEBUG","tag":"","message":"[HOT-RELOAD] 🔄 Template changed: guides.partials.getting-started-websocket","error":null,"stack":null}
{"timestamp":"2026-02-11T11:59:50.694078","level":"DEBUG","tag":"","message":"[HOT-RELOAD] 📁 File: lib/views/guides/partials/getting-started-websocket.flint.html","error":null,"stack":null}
{"timestamp":"2026-02-11T12:03:29.169541","level":"DEBUG","tag":"","message":"[HOT-RELOAD] 🔄 Template changed: guides.partials.getting-started-middleware","error":null,"stack":null}
{"timestamp":"2026-02-11T12:03:29.170040","level":"DEBUG","tag":"","message":"[HOT-RELOAD] 📁 File: lib/views/guides/partials/getting-started-middleware.flint.html","error":null,"stack":null}
{"timestamp":"2026-02-11T12:03:44.501531","level":"DEBUG","tag":"","message":"[HOT-RELOAD] 🔄 Template changed: api.partials.api-middleware","error":null,"stack":null}
{"timestamp":"2026-02-11T12:03:44.501903","level":"DEBUG","tag":"","message":"[HOT-RELOAD] 📁 File: lib/views/api/partials/api-middleware.flint.html","error":null,"stack":null}
{"timestamp":"2026-02-11T12:03:54.621378","level":"DEBUG","tag":"","message":"[HOT-RELOAD] 🔄 Template changed: guides.partials.getting-started-websocket","error":null,"stack":null}
{"timestamp":"2026-02-11T12:03:54.621826","level":"DEBUG","tag":"","message":"[HOT-RELOAD] 📁 File: lib/views/guides/partials/getting-started-websocket.flint.html","error":null,"stack":null}
{"timestamp":"2026-02-11T12:06:32.810584","level":"DEBUG","tag":"","message":"[HOT-RELOAD] 🔄 Template changed: guides.partials.getting-started-middleware","error":null,"stack":null}
{"timestamp":"2026-02-11T12:06:32.811973","level":"DEBUG","tag":"","message":"[HOT-RELOAD] 📁 File: lib/views/guides/partials/getting-started-middleware.flint.html","error":null,"stack":null}
{"timestamp":"2026-02-11T12:06:40.295591","level":"DEBUG","tag":"","message":"[HOT-RELOAD] 🔄 Template changed: api.partials.api-middleware","error":null,"stack":null}
{"timestamp":"2026-02-11T12:06:40.295919","level":"DEBUG","tag":"","message":"[HOT-RELOAD] 📁 File: lib/views/api/partials/api-middleware.flint.html","error":null,"stack":null}
{"timestamp":"2026-02-11T12:10:28.083552","level":"DEBUG","tag":"","message":"[HOT-RELOAD] 🔄 Template changed: guides.partials.getting-started-websocket","error":null,"stack":null}
{"timestamp":"2026-02-11T12:10:28.084211","level":"DEBUG","tag":"","message":"[HOT-RELOAD] 📁 File: lib/views/guides/partials/getting-started-websocket.flint.html","error":null,"stack":null}
{"timestamp":"2026-02-11T12:10:34.608027","level":"DEBUG","tag":"","message":"[HOT-RELOAD] 🔄 Template changed: api.partials.api-flint-class","error":null,"stack":null}
{"timestamp":"2026-02-11T12:10:34.608722","level":"DEBUG","tag":"","message":"[HOT-RELOAD] 📁 File: lib/views/api/partials/api-flint-class.flint.html","error":null,"stack":null}
{"timestamp":"2026-02-11T12:10:41.786654","level":"DEBUG","tag":"","message":"[HOT-RELOAD] 🔄 Template changed: api.partials.api-middleware","error":null,"stack":null}
{"timestamp":"2026-02-11T12:10:41.787198","level":"DEBUG","tag":"","message":"[HOT-RELOAD] 📁 File: lib/views/api/partials/api-middleware.flint.html","error":null,"stack":null}
{"timestamp":"2026-02-11T12:11:11.869706","level":"DEBUG","tag":"","message":"[HOT-RELOAD] 🔄 Template changed: guides.partials.getting-started-middleware","error":null,"stack":null}
{"timestamp":"2026-02-11T12:11:11.870087","level":"DEBUG","tag":"","message":"[HOT-RELOAD] 📁 File: lib/views/guides/partials/getting-started-middleware.flint.html","error":null,"stack":null}
{"timestamp":"2026-02-11T12:14:00.844228","level":"DEBUG","tag":"","message":"[HOT-RELOAD] 📁 File: lib/views/guides/partials/getting-started-authentication.flint.html","error":null,"stack":null}
{"timestamp":"2026-02-11T12:14:00.843648","level":"DEBUG","tag":"","message":"[HOT-RELOAD] 🔄 Template changed: guides.partials.getting-started-authentication","error":null,"stack":null}
{"timestamp":"2026-02-11T12:14:20.206748","level":"DEBUG","tag":"","message":"[HOT-RELOAD] 🔄 Template changed: guides.partials.getting-started-routing","error":null,"stack":null}
{"timestamp":"2026-02-11T12:14:20.207927","level":"DEBUG","tag":"","message":"[HOT-RELOAD] 📁 File: lib/views/guides/partials/getting-started-routing.flint.html","error":null,"stack":null}
{"timestamp":"2026-02-11T12:14:27.237604","level":"DEBUG","tag":"","message":"[HOT-RELOAD] 🔄 Template changed: guides.partials.getting-started-routing","error":null,"stack":null}
{"timestamp":"2026-02-11T12:14:27.239621","level":"DEBUG","tag":"","message":"[HOT-RELOAD] 📁 File: lib/views/guides/partials/getting-started-routing.flint.html","error":null,"stack":null}
{"timestamp":"2026-02-11T12:14:41.290218","level":"DEBUG","tag":"","message":"[HOT-RELOAD] 🔄 Template changed: guides.partials.getting-started-routing","error":null,"stack":null}
{"timestamp":"2026-02-11T12:14:41.290719","level":"DEBUG","tag":"","message":"[HOT-RELOAD] 📁 File: lib/views/guides/partials/getting-started-routing.flint.html","error":null,"stack":null}
{"timestamp":"2026-02-11T12:14:46.662041","level":"DEBUG","tag":"","message":"[HOT-RELOAD] 🔄 Template changed: guides.partials.getting-started-websocket","error":null,"stack":null}
{"timestamp":"2026-02-11T12:14:46.662726","level":"DEBUG","tag":"","message":"[HOT-RELOAD] 📁 File: lib/views/guides/partials/getting-started-websocket.flint.html","error":null,"stack":null}
{"timestamp":"2026-02-11T12:14:57.419481","level":"DEBUG","tag":"","message":"[HOT-RELOAD] 🔄 Template changed: api.partials.api-validation","error":null,"stack":null}
{"timestamp":"2026-02-11T12:14:57.419821","level":"DEBUG","tag":"","message":"[HOT-RELOAD] 📁 File: lib/views/api/partials/api-validation.flint.html","error":null,"stack":null}
{"timestamp":"2026-02-11T12:16:10.852791","level":"DEBUG","tag":"","message":"[HOT-RELOAD] 🔄 Template changed: guides.partials.getting-started-architecture","error":null,"stack":null}
{"timestamp":"2026-02-11T12:16:10.853495","level":"DEBUG","tag":"","message":"[HOT-RELOAD] 📁 File: lib/views/guides/partials/getting-started-architecture.flint.html","error":null,"stack":null}
{"timestamp":"2026-02-11T12:16:18.396708","level":"DEBUG","tag":"","message":"[HOT-RELOAD] 🔄 Template changed: guides.partials.getting-started-security","error":null,"stack":null}
{"timestamp":"2026-02-11T12:16:18.397251","level":"DEBUG","tag":"","message":"[HOT-RELOAD] 📁 File: lib/views/guides/partials/getting-started-security.flint.html","error":null,"stack":null}
{"timestamp":"2026-02-11T12:16:25.559836","level":"DEBUG","tag":"","message":"[HOT-RELOAD] 🔄 Template changed: api.partials.api-query-builder","error":null,"stack":null}
{"timestamp":"2026-02-11T12:16:25.560152","level":"DEBUG","tag":"","message":"[HOT-RELOAD] 📁 File: lib/views/api/partials/api-query-builder.flint.html","error":null,"stack":null}
{"timestamp":"2026-02-11T12:17:22.831939","level":"DEBUG","tag":"","message":"[HOT-RELOAD] 🔄 Template changed: guides.partials.getting-started-routing","error":null,"stack":null}
{"timestamp":"2026-02-11T12:17:22.832412","level":"DEBUG","tag":"","message":"[HOT-RELOAD] 📁 File: lib/views/guides/partials/getting-started-routing.flint.html","error":null,"stack":null}
{"timestamp":"2026-02-11T12:17:32.429202","level":"DEBUG","tag":"","message":"[HOT-RELOAD] 🔄 Template changed: api.partials.api-response","error":null,"stack":null}
{"timestamp":"2026-02-11T12:17:32.429567","level":"DEBUG","tag":"","message":"[HOT-RELOAD] 📁 File: lib/views/api/partials/api-response.flint.html","error":null,"stack":null}
{"timestamp":"2026-02-11T12:20:28.094149","level":"DEBUG","tag":"","message":"[HOT-RELOAD] 🔄 Restarting server...","error":null,"stack":null}
{"timestamp":"2026-02-11T12:20:28.094718","level":"DEBUG","tag":"","message":"♻️ Stopping old server...","error":null,"stack":null}
{"timestamp":"2026-02-11T12:20:28.194147","level":"DEBUG","tag":"","message":"🚀 Starting server...","error":null,"stack":null}
{"timestamp":"2026-02-11T12:20:30.213662","level":"DEBUG","tag":"","message":"✅ Server started","error":null,"stack":null}
{"timestamp":"2026-02-11T12:20:45.701667","level":"DEBUG","tag":"","message":"[FLINT] ⚠️ Hot reload is ENABLED.","error":null,"stack":null}
{"timestamp":"2026-02-11T12:20:45.721585","level":"DEBUG","tag":"","message":"FLINT_HOT=1","error":null,"stack":null}
{"timestamp":"2026-02-11T12:20:45.794890","level":"DEBUG","tag":"","message":"[FLINT] Server Worker running on http://localhost:3030 (PID: 41833)","error":null,"stack":null}
{"timestamp":"2026-02-11T12:20:45.808437","level":"DEBUG","tag":"","message":"[FLINT] Database auto-connected via .env","error":null,"stack":null}
{"timestamp":"2026-02-11T12:20:45.814653","level":"DEBUG","tag":"","message":"📧 Mail server configured for Eucloudhost <noreply@eulogia.net>@smtp.gmail.com","error":null,"stack":null}
{"timestamp":"2026-02-11T12:20:45.819996","level":"INFO","tag":"","message":"📧 Mail configured using provider: gmail","error":null,"stack":null}
{"timestamp":"2026-02-11T12:20:46.160362","level":"DEBUG","tag":"","message":"[DEBUG] Swagger UI directory: /home/aim/Projects/eulogia/flint/flint_dart/lib/swagger/swagger-ui","error":null,"stack":null}
{"timestamp":"2026-02-11T12:20:46.312457","level":"DEBUG","tag":"","message":"✅ MySQL connected to flint_docs@localhost:3306","error":null,"stack":null}
{"timestamp":"2026-02-11T12:21:10.030179","level":"DEBUG","tag":"","message":"[HOT-RELOAD] 🔄 Template changed: layouts.app","error":null,"stack":null}
{"timestamp":"2026-02-11T12:21:10.030551","level":"DEBUG","tag":"","message":"[HOT-RELOAD] 📁 File: lib/views/layouts/app.flint.html","error":null,"stack":null}
{"timestamp":"2026-02-11T12:33:22.157222","level":"DEBUG","tag":"","message":"[HOT-RELOAD] 🔄 Restarting server...","error":null,"stack":null}
{"timestamp":"2026-02-11T12:33:22.157718","level":"DEBUG","tag":"","message":"♻️ Stopping old server...","error":null,"stack":null}
{"timestamp":"2026-02-11T12:33:22.166428","level":"DEBUG","tag":"","message":"\n[FLINT] Worker shutting down...","error":null,"stack":null}
{"timestamp":"2026-02-11T12:33:22.275245","level":"DEBUG","tag":"","message":"🚀 Starting server...","error":null,"stack":null}
{"timestamp":"2026-02-11T12:33:24.289707","level":"DEBUG","tag":"","message":"✅ Server started","error":null,"stack":null}
{"timestamp":"2026-02-11T12:33:34.498116","level":"DEBUG","tag":"","message":"[HOT-RELOAD] 📁 File: lib/views/changelog.flint.html","error":null,"stack":null}
{"timestamp":"2026-02-11T12:33:34.497635","level":"DEBUG","tag":"","message":"[HOT-RELOAD] 🔄 Template changed: changelog","error":null,"stack":null}
{"timestamp":"2026-02-11T12:33:41.193986","level":"DEBUG","tag":"","message":"[FLINT] ⚠️ Hot reload is ENABLED.","error":null,"stack":null}
{"timestamp":"2026-02-11T12:33:41.203373","level":"DEBUG","tag":"","message":"FLINT_HOT=1","error":null,"stack":null}
{"timestamp":"2026-02-11T12:33:41.271516","level":"DEBUG","tag":"","message":"[FLINT] Server Worker running on http://localhost:3030 (PID: 44602)","error":null,"stack":null}
{"timestamp":"2026-02-11T12:33:41.290654","level":"DEBUG","tag":"","message":"[FLINT] Database auto-connected via .env","error":null,"stack":null}
{"timestamp":"2026-02-11T12:33:41.295775","level":"DEBUG","tag":"","message":"📧 Mail server configured for Eucloudhost <noreply@eulogia.net>@smtp.gmail.com","error":null,"stack":null}
{"timestamp":"2026-02-11T12:33:41.297769","level":"INFO","tag":"","message":"📧 Mail configured using provider: gmail","error":null,"stack":null}
{"timestamp":"2026-02-11T12:33:41.617751","level":"DEBUG","tag":"","message":"[DEBUG] Swagger UI directory: /home/aim/Projects/eulogia/flint/flint_dart/lib/swagger/swagger-ui","error":null,"stack":null}
{"timestamp":"2026-02-11T12:33:41.760152","level":"DEBUG","tag":"","message":"✅ MySQL connected to flint_docs@localhost:3306","error":null,"stack":null}
{"timestamp":"2026-02-11T12:35:54.158651","level":"DEBUG","tag":"","message":"[HOT-RELOAD] 🔄 Restarting server...","error":null,"stack":null}
{"timestamp":"2026-02-11T12:35:54.159722","level":"DEBUG","tag":"","message":"♻️ Stopping old server...","error":null,"stack":null}
{"timestamp":"2026-02-11T12:35:54.240562","level":"DEBUG","tag":"","message":"🚀 Starting server...","error":null,"stack":null}
{"timestamp":"2026-02-11T12:35:56.259330","level":"DEBUG","tag":"","message":"✅ Server started","error":null,"stack":null}
{"timestamp":"2026-02-11T12:36:05.964480","level":"DEBUG","tag":"","message":"[HOT-RELOAD] 🔄 Restarting server...","error":null,"stack":null}
{"timestamp":"2026-02-11T12:36:05.965601","level":"DEBUG","tag":"","message":"♻️ Stopping old server...","error":null,"stack":null}
{"timestamp":"2026-02-11T12:36:06.040783","level":"DEBUG","tag":"","message":"🚀 Starting server...","error":null,"stack":null}
{"timestamp":"2026-02-11T12:36:08.063255","level":"DEBUG","tag":"","message":"✅ Server started","error":null,"stack":null}
{"timestamp":"2026-02-11T12:36:17.403307","level":"DEBUG","tag":"","message":"[HOT-RELOAD] 🔄 Template changed: changelog","error":null,"stack":null}
{"timestamp":"2026-02-11T12:36:17.403916","level":"DEBUG","tag":"","message":"[HOT-RELOAD] 📁 File: lib/views/changelog.flint.html","error":null,"stack":null}
{"timestamp":"2026-02-11T12:36:27.574946","level":"DEBUG","tag":"","message":"[FLINT] ⚠️ Hot reload is ENABLED.","error":null,"stack":null}
{"timestamp":"2026-02-11T12:36:27.594882","level":"DEBUG","tag":"","message":"FLINT_HOT=1","error":null,"stack":null}
{"timestamp":"2026-02-11T12:36:27.655154","level":"DEBUG","tag":"","message":"[FLINT] Server Worker running on http://localhost:3030 (PID: 45616)","error":null,"stack":null}
{"timestamp":"2026-02-11T12:36:27.669498","level":"DEBUG","tag":"","message":"[FLINT] Database auto-connected via .env","error":null,"stack":null}
{"timestamp":"2026-02-11T12:36:27.675341","level":"DEBUG","tag":"","message":"📧 Mail server configured for Eucloudhost <noreply@eulogia.net>@smtp.gmail.com","error":null,"stack":null}
{"timestamp":"2026-02-11T12:36:27.676830","level":"INFO","tag":"","message":"📧 Mail configured using provider: gmail","error":null,"stack":null}
{"timestamp":"2026-02-11T12:36:28.049660","level":"DEBUG","tag":"","message":"[DEBUG] Swagger UI directory: /home/aim/Projects/eulogia/flint/flint_dart/lib/swagger/swagger-ui","error":null,"stack":null}
{"timestamp":"2026-02-11T12:36:28.175426","level":"DEBUG","tag":"","message":"✅ MySQL connected to flint_docs@localhost:3306","error":null,"stack":null}
{"timestamp":"2026-02-11T12:36:49.795711","level":"DEBUG","tag":"","message":"[HOT-RELOAD] 🔄 Restarting server...","error":null,"stack":null}
{"timestamp":"2026-02-11T12:36:49.799227","level":"DEBUG","tag":"","message":"♻️ Stopping old server...","error":null,"stack":null}
{"timestamp":"2026-02-11T12:36:49.917666","level":"DEBUG","tag":"","message":"🚀 Starting server...","error":null,"stack":null}
{"timestamp":"2026-02-11T12:36:51.944194","level":"DEBUG","tag":"","message":"✅ Server started","error":null,"stack":null}
{"timestamp":"2026-02-11T12:37:06.864934","level":"DEBUG","tag":"","message":"[FLINT] ⚠️ Hot reload is ENABLED.","error":null,"stack":null}
{"timestamp":"2026-02-11T12:37:06.878220","level":"DEBUG","tag":"","message":"FLINT_HOT=1","error":null,"stack":null}
{"timestamp":"2026-02-11T12:37:06.930919","level":"DEBUG","tag":"","message":"[FLINT] Server Worker running on http://localhost:3030 (PID: 46130)","error":null,"stack":null}
{"timestamp":"2026-02-11T12:37:06.942416","level":"DEBUG","tag":"","message":"[FLINT] Database auto-connected via .env","error":null,"stack":null}
{"timestamp":"2026-02-11T12:37:06.948850","level":"DEBUG","tag":"","message":"📧 Mail server configured for Eucloudhost <noreply@eulogia.net>@smtp.gmail.com","error":null,"stack":null}
{"timestamp":"2026-02-11T12:37:06.949659","level":"INFO","tag":"","message":"📧 Mail configured using provider: gmail","error":null,"stack":null}
{"timestamp":"2026-02-11T12:37:07.128217","level":"DEBUG","tag":"","message":"[DEBUG] Swagger UI directory: /home/aim/Projects/eulogia/flint/flint_dart/lib/swagger/swagger-ui","error":null,"stack":null}
{"timestamp":"2026-02-11T12:37:07.251745","level":"DEBUG","tag":"","message":"✅ MySQL connected to flint_docs@localhost:3306","error":null,"stack":null}
{"timestamp":"2026-02-11T13:23:52.828534","level":"DEBUG","tag":"","message":"[HOT-RELOAD] 🔄 Template changed: layouts.app","error":null,"stack":null}
{"timestamp":"2026-02-11T13:23:52.829463","level":"DEBUG","tag":"","message":"[HOT-RELOAD] 📁 File: lib/views/layouts/app.flint.html","error":null,"stack":null}
{"timestamp":"2026-02-11T19:38:27.783674","level":"DEBUG","tag":"","message":"[FLINT] ⚠️ Hot reload is ENABLED.","error":null,"stack":null}
{"timestamp":"2026-02-11T19:38:27.797065","level":"DEBUG","tag":"","message":"FLINT_HOT=null","error":null,"stack":null}
{"timestamp":"2026-02-11T19:38:27.798934","level":"DEBUG","tag":"","message":"[FLINT] Starting Parent Launcher (PID: 9057)...","error":null,"stack":null}
{"timestamp":"2026-02-11T19:38:27.980747","level":"DEBUG","tag":"","message":"[DEBUG] Swagger UI directory: /home/aim/Projects/eulogia/flint/flint_dart/lib/swagger/swagger-ui","error":null,"stack":null}
{"timestamp":"2026-02-11T19:38:29.772841","level":"DEBUG","tag":"","message":"🔥 Flint Hot Reload Watcher Started","error":null,"stack":null}
{"timestamp":"2026-02-11T19:38:29.792320","level":"DEBUG","tag":"","message":"📂 Watching: lib/","error":null,"stack":null}
{"timestamp":"2026-02-11T19:38:29.792629","level":"DEBUG","tag":"","message":"⏱️  Debounce: 300ms for templates, 500ms for server code","error":null,"stack":null}
{"timestamp":"2026-02-11T19:38:29.792911","level":"DEBUG","tag":"","message":"📡 Server endpoint: http://localhost:3030/_flint/internal/hot-reload","error":null,"stack":null}
{"timestamp":"2026-02-11T19:38:29.793093","level":"DEBUG","tag":"","message":"────────────────────────────────────────────────","error":null,"stack":null}
{"timestamp":"2026-02-11T19:38:29.794283","level":"DEBUG","tag":"","message":"🚀 Starting server...","error":null,"stack":null}
{"timestamp":"2026-02-11T19:38:31.853542","level":"DEBUG","tag":"","message":"✅ Server started","error":null,"stack":null}
{"timestamp":"2026-02-11T19:38:37.075415","level":"DEBUG","tag":"","message":"[FLINT] ⚠️ Hot reload is ENABLED.","error":null,"stack":null}
{"timestamp":"2026-02-11T19:38:37.088119","level":"DEBUG","tag":"","message":"FLINT_HOT=1","error":null,"stack":null}
{"timestamp":"2026-02-11T19:38:37.125805","level":"DEBUG","tag":"","message":"[FLINT] Server Worker running on http://localhost:3030 (PID: 9142)","error":null,"stack":null}
{"timestamp":"2026-02-11T19:38:37.131191","level":"DEBUG","tag":"","message":"[FLINT] Database auto-connected via .env","error":null,"stack":null}
{"timestamp":"2026-02-11T19:38:37.133989","level":"DEBUG","tag":"","message":"📧 Mail server configured for Eucloudhost <noreply@eulogia.net>@smtp.gmail.com","error":null,"stack":null}
{"timestamp":"2026-02-11T19:38:37.134916","level":"INFO","tag":"","message":"📧 Mail configured using provider: gmail","error":null,"stack":null}
{"timestamp":"2026-02-11T19:38:37.316684","level":"DEBUG","tag":"","message":"[DEBUG] Swagger UI directory: /home/aim/Projects/eulogia/flint/flint_dart/lib/swagger/swagger-ui","error":null,"stack":null}
{"timestamp":"2026-02-11T19:38:37.435408","level":"DEBUG","tag":"","message":"✅ MySQL connected to flint_docs@localhost:3306","error":null,"stack":null}
{"timestamp":"2026-02-11T19:44:59.030781","level":"DEBUG","tag":"","message":"[HOT-RELOAD] 🔄 Template changed: questions.ask","error":null,"stack":null}
{"timestamp":"2026-02-11T19:44:59.031186","level":"DEBUG","tag":"","message":"[HOT-RELOAD] 📁 File: lib/views/questions/ask.flint.html","error":null,"stack":null}
{"timestamp":"2026-02-11T19:49:48.011973","level":"DEBUG","tag":"","message":"[HOT-RELOAD] 🔄 Template changed: questions.show","error":null,"stack":null}
{"timestamp":"2026-02-11T19:49:48.012949","level":"DEBUG","tag":"","message":"[HOT-RELOAD] 📁 File: lib/views/questions/show.flint.html","error":null,"stack":null}
{"timestamp":"2026-02-11T19:53:45.429794","level":"DEBUG","tag":"","message":"[HOT-RELOAD] 🔄 Template changed: questions.show","error":null,"stack":null}
{"timestamp":"2026-02-11T19:53:45.430755","level":"DEBUG","tag":"","message":"[HOT-RELOAD] 📁 File: lib/views/questions/show.flint.html","error":null,"stack":null}
{"timestamp":"2026-02-11T20:04:06.592054","level":"DEBUG","tag":"","message":"[HOT-RELOAD] 🔄 Restarting server...","error":null,"stack":null}
{"timestamp":"2026-02-11T20:04:06.592450","level":"DEBUG","tag":"","message":"♻️ Stopping old server...","error":null,"stack":null}
{"timestamp":"2026-02-11T20:04:06.643987","level":"DEBUG","tag":"","message":"🚀 Starting server...","error":null,"stack":null}
{"timestamp":"2026-02-11T20:04:08.658840","level":"DEBUG","tag":"","message":"✅ Server started","error":null,"stack":null}
{"timestamp":"2026-02-11T20:04:16.201822","level":"DEBUG","tag":"","message":"[FLINT] ⚠️ Hot reload is ENABLED.","error":null,"stack":null}
{"timestamp":"2026-02-11T20:04:16.212014","level":"DEBUG","tag":"","message":"FLINT_HOT=1","error":null,"stack":null}
{"timestamp":"2026-02-11T20:04:16.250300","level":"DEBUG","tag":"","message":"[FLINT] Server Worker running on http://localhost:3030 (PID: 14670)","error":null,"stack":null}
{"timestamp":"2026-02-11T20:04:16.257060","level":"DEBUG","tag":"","message":"[FLINT] Database auto-connected via .env","error":null,"stack":null}
{"timestamp":"2026-02-11T20:04:16.262444","level":"DEBUG","tag":"","message":"📧 Mail server configured for Eucloudhost <noreply@eulogia.net>@smtp.gmail.com","error":null,"stack":null}
{"timestamp":"2026-02-11T20:04:16.263492","level":"INFO","tag":"","message":"📧 Mail configured using provider: gmail","error":null,"stack":null}
{"timestamp":"2026-02-11T20:04:16.439620","level":"DEBUG","tag":"","message":"[DEBUG] Swagger UI directory: /home/aim/Projects/eulogia/flint/flint_dart/lib/swagger/swagger-ui","error":null,"stack":null}
{"timestamp":"2026-02-11T20:04:16.550835","level":"DEBUG","tag":"","message":"✅ MySQL connected to flint_docs@localhost:3306","error":null,"stack":null}
{"timestamp":"2026-02-11T20:04:23.623131","level":"DEBUG","tag":"","message":"[HOT-RELOAD] 🔄 Template changed: layouts.app","error":null,"stack":null}
{"timestamp":"2026-02-11T20:04:23.624821","level":"DEBUG","tag":"","message":"[HOT-RELOAD] 📁 File: lib/views/layouts/app.flint.html","error":null,"stack":null}
{"timestamp":"2026-02-11T20:04:36.816470","level":"DEBUG","tag":"","message":"[HOT-RELOAD] 🔄 Template changed: layouts.app","error":null,"stack":null}
{"timestamp":"2026-02-11T20:04:36.816904","level":"DEBUG","tag":"","message":"[HOT-RELOAD] 📁 File: lib/views/layouts/app.flint.html","error":null,"stack":null}
{"timestamp":"2026-02-11T20:07:19.644357","level":"DEBUG","tag":"","message":"[HOT-RELOAD] 📁 File: lib/views/layouts/app.flint.html","error":null,"stack":null}
{"timestamp":"2026-02-11T20:07:19.643578","level":"DEBUG","tag":"","message":"[HOT-RELOAD] 🔄 Template changed: layouts.app","error":null,"stack":null}
{"timestamp":"2026-02-11T20:07:28.004753","level":"DEBUG","tag":"","message":"[HOT-RELOAD] 🔄 Restarting server...","error":null,"stack":null}
{"timestamp":"2026-02-11T20:07:28.005369","level":"DEBUG","tag":"","message":"♻️ Stopping old server...","error":null,"stack":null}
{"timestamp":"2026-02-11T20:07:28.088491","level":"DEBUG","tag":"","message":"🚀 Starting server...","error":null,"stack":null}
{"timestamp":"2026-02-11T20:07:30.122834","level":"DEBUG","tag":"","message":"✅ Server started","error":null,"stack":null}
{"timestamp":"2026-02-11T20:07:36.415925","level":"DEBUG","tag":"","message":"[FLINT] ⚠️ Hot reload is ENABLED.","error":null,"stack":null}
{"timestamp":"2026-02-11T20:07:36.424174","level":"DEBUG","tag":"","message":"FLINT_HOT=1","error":null,"stack":null}
{"timestamp":"2026-02-11T20:07:36.458252","level":"DEBUG","tag":"","message":"[FLINT] Server Worker running on http://localhost:3030 (PID: 15804)","error":null,"stack":null}
{"timestamp":"2026-02-11T20:07:36.463706","level":"DEBUG","tag":"","message":"[FLINT] Database auto-connected via .env","error":null,"stack":null}
{"timestamp":"2026-02-11T20:07:36.465890","level":"DEBUG","tag":"","message":"📧 Mail server configured for Eucloudhost <noreply@eulogia.net>@smtp.gmail.com","error":null,"stack":null}
{"timestamp":"2026-02-11T20:07:36.466638","level":"INFO","tag":"","message":"📧 Mail configured using provider: gmail","error":null,"stack":null}
{"timestamp":"2026-02-11T20:07:36.631887","level":"DEBUG","tag":"","message":"[DEBUG] Swagger UI directory: /home/aim/Projects/eulogia/flint/flint_dart/lib/swagger/swagger-ui","error":null,"stack":null}
{"timestamp":"2026-02-11T20:07:36.768769","level":"DEBUG","tag":"","message":"✅ MySQL connected to flint_docs@localhost:3306","error":null,"stack":null}
{"timestamp":"2026-02-11T20:39:11.187271","level":"DEBUG","tag":"","message":"[HOT-RELOAD] 🔄 Template changed: layouts.app","error":null,"stack":null}
{"timestamp":"2026-02-11T20:39:11.187580","level":"DEBUG","tag":"","message":"[HOT-RELOAD] 📁 File: lib/views/layouts/app.flint.html","error":null,"stack":null}
{"timestamp":"2026-02-11T20:43:39.431993","level":"DEBUG","tag":"","message":"[HOT-RELOAD] 🔄 Template changed: layouts.app","error":null,"stack":null}
{"timestamp":"2026-02-11T20:43:39.432300","level":"DEBUG","tag":"","message":"[HOT-RELOAD] 📁 File: lib/views/layouts/app.flint.html","error":null,"stack":null}
{"timestamp":"2026-02-11T20:48:00.045764","level":"DEBUG","tag":"","message":"[HOT-RELOAD] 🔄 Restarting server...","error":null,"stack":null}
{"timestamp":"2026-02-11T20:48:00.046033","level":"DEBUG","tag":"","message":"♻️ Stopping old server...","error":null,"stack":null}
{"timestamp":"2026-02-11T20:48:00.084811","level":"DEBUG","tag":"","message":"🚀 Starting server...","error":null,"stack":null}
{"timestamp":"2026-02-11T20:48:02.095029","level":"DEBUG","tag":"","message":"✅ Server started","error":null,"stack":null}
{"timestamp":"2026-02-11T20:48:07.758263","level":"DEBUG","tag":"","message":"[FLINT] ⚠️ Hot reload is ENABLED.","error":null,"stack":null}
{"timestamp":"2026-02-11T20:48:07.765603","level":"DEBUG","tag":"","message":"FLINT_HOT=1","error":null,"stack":null}
{"timestamp":"2026-02-11T20:48:07.793528","level":"DEBUG","tag":"","message":"[FLINT] Server Worker running on http://localhost:3030 (PID: 20285)","error":null,"stack":null}
{"timestamp":"2026-02-11T20:48:07.798474","level":"DEBUG","tag":"","message":"[FLINT] Database auto-connected via .env","error":null,"stack":null}
{"timestamp":"2026-02-11T20:48:07.800300","level":"DEBUG","tag":"","message":"📧 Mail server configured for Eucloudhost <noreply@eulogia.net>@smtp.gmail.com","error":null,"stack":null}
{"timestamp":"2026-02-11T20:48:07.800920","level":"INFO","tag":"","message":"📧 Mail configured using provider: gmail","error":null,"stack":null}
{"timestamp":"2026-02-11T20:48:07.936648","level":"DEBUG","tag":"","message":"[DEBUG] Swagger UI directory: /home/aim/Projects/eulogia/flint/flint_dart/lib/swagger/swagger-ui","error":null,"stack":null}
{"timestamp":"2026-02-11T20:48:07.968860","level":"DEBUG","tag":"","message":"✅ MySQL connected to flint_docs@localhost:3306","error":null,"stack":null}
{"timestamp":"2026-02-11T20:48:13.637064","level":"DEBUG","tag":"","message":"[HOT-RELOAD] 🔄 Template changed: blog.show","error":null,"stack":null}
{"timestamp":"2026-02-11T20:48:13.637479","level":"DEBUG","tag":"","message":"[HOT-RELOAD] 📁 File: lib/views/blog/show.flint.html","error":null,"stack":null}
{"timestamp":"2026-02-11T20:48:40.729517","level":"DEBUG","tag":"","message":"[HOT-RELOAD] 🔄 Template changed: layouts.app","error":null,"stack":null}
{"timestamp":"2026-02-11T20:48:40.729859","level":"DEBUG","tag":"","message":"[HOT-RELOAD] 📁 File: lib/views/layouts/app.flint.html","error":null,"stack":null}
{"timestamp":"2026-02-11T20:48:55.852861","level":"DEBUG","tag":"","message":"[HOT-RELOAD] 🔄 Template changed: layouts.app","error":null,"stack":null}
{"timestamp":"2026-02-11T20:48:55.853240","level":"DEBUG","tag":"","message":"[HOT-RELOAD] 📁 File: lib/views/layouts/app.flint.html","error":null,"stack":null}
{"timestamp":"2026-02-11T20:51:56.761389","level":"DEBUG","tag":"","message":"[HOT-RELOAD] 🔄 Template changed: blog.show","error":null,"stack":null}
{"timestamp":"2026-02-11T20:51:56.761714","level":"DEBUG","tag":"","message":"[HOT-RELOAD] 📁 File: lib/views/blog/show.flint.html","error":null,"stack":null}
{"timestamp":"2026-02-11T20:59:21.891042","level":"DEBUG","tag":"","message":"[HOT-RELOAD] 🔄 Template changed: layouts.app","error":null,"stack":null}
{"timestamp":"2026-02-11T20:59:21.891400","level":"DEBUG","tag":"","message":"[HOT-RELOAD] 📁 File: lib/views/layouts/app.flint.html","error":null,"stack":null}
{"timestamp":"2026-02-11T20:59:43.099529","level":"DEBUG","tag":"","message":"[HOT-RELOAD] 🔄 Template changed: layouts.app","error":null,"stack":null}
{"timestamp":"2026-02-11T20:59:43.100953","level":"DEBUG","tag":"","message":"[HOT-RELOAD] 📁 File: lib/views/layouts/app.flint.html","error":null,"stack":null}
{"timestamp":"2026-02-11T21:02:04.469727","level":"DEBUG","tag":"","message":"[HOT-RELOAD] 🔄 Template changed: layouts.app","error":null,"stack":null}
{"timestamp":"2026-02-11T21:02:04.470033","level":"DEBUG","tag":"","message":"[HOT-RELOAD] 📁 File: lib/views/layouts/app.flint.html","error":null,"stack":null}
{"timestamp":"2026-02-11T21:05:46.398789","level":"DEBUG","tag":"","message":"[HOT-RELOAD] 🔄 Template changed: layouts.app","error":null,"stack":null}
{"timestamp":"2026-02-11T21:05:46.399153","level":"DEBUG","tag":"","message":"[HOT-RELOAD] 📁 File: lib/views/layouts/app.flint.html","error":null,"stack":null}
{"timestamp":"2026-02-11T21:11:42.326427","level":"DEBUG","tag":"","message":"[HOT-RELOAD] 🔄 Template changed: layouts.app","error":null,"stack":null}
{"timestamp":"2026-02-11T21:11:42.326980","level":"DEBUG","tag":"","message":"[HOT-RELOAD] 📁 File: lib/views/layouts/app.flint.html","error":null,"stack":null}
{"timestamp":"2026-02-11T21:19:21.358756","level":"DEBUG","tag":"","message":"[HOT-RELOAD] 🔄 Restarting server...","error":null,"stack":null}
{"timestamp":"2026-02-11T21:19:21.359101","level":"DEBUG","tag":"","message":"♻️ Stopping old server...","error":null,"stack":null}
{"timestamp":"2026-02-11T21:19:21.416291","level":"DEBUG","tag":"","message":"🚀 Starting server...","error":null,"stack":null}
{"timestamp":"2026-02-11T21:19:23.425899","level":"DEBUG","tag":"","message":"✅ Server started","error":null,"stack":null}
{"timestamp":"2026-02-11T21:19:26.615782","level":"DEBUG","tag":"","message":"[HOT-RELOAD] 🔄 Restarting server...","error":null,"stack":null}
{"timestamp":"2026-02-11T21:19:26.616062","level":"DEBUG","tag":"","message":"♻️ Stopping old server...","error":null,"stack":null}
{"timestamp":"2026-02-11T21:19:26.646282","level":"DEBUG","tag":"","message":"🚀 Starting server...","error":null,"stack":null}
{"timestamp":"2026-02-11T21:19:28.659434","level":"DEBUG","tag":"","message":"✅ Server started","error":null,"stack":null}
{"timestamp":"2026-02-11T21:19:33.653375","level":"DEBUG","tag":"","message":"[FLINT] ⚠️ Hot reload is ENABLED.","error":null,"stack":null}
{"timestamp":"2026-02-11T21:19:33.659392","level":"DEBUG","tag":"","message":"FLINT_HOT=1","error":null,"stack":null}
{"timestamp":"2026-02-11T21:19:33.684363","level":"DEBUG","tag":"","message":"[FLINT] Server Worker running on http://localhost:3030 (PID: 27494)","error":null,"stack":null}
{"timestamp":"2026-02-11T21:19:33.690490","level":"DEBUG","tag":"","message":"[FLINT] Database auto-connected via .env","error":null,"stack":null}
{"timestamp":"2026-02-11T21:19:33.693141","level":"DEBUG","tag":"","message":"📧 Mail server configured for Eucloudhost <noreply@eulogia.net>@smtp.gmail.com","error":null,"stack":null}
{"timestamp":"2026-02-11T21:19:33.693916","level":"INFO","tag":"","message":"📧 Mail configured using provider: gmail","error":null,"stack":null}
{"timestamp":"2026-02-11T21:19:33.896418","level":"DEBUG","tag":"","message":"[DEBUG] Swagger UI directory: /home/aim/Projects/eulogia/flint/flint_dart/lib/swagger/swagger-ui","error":null,"stack":null}
{"timestamp":"2026-02-11T21:19:34.014714","level":"DEBUG","tag":"","message":"✅ MySQL connected to flint_docs@localhost:3306","error":null,"stack":null}
{"timestamp":"2026-02-11T21:19:37.225050","level":"DEBUG","tag":"","message":"[HOT-RELOAD] 🔄 Template changed: api.partials.api-response","error":null,"stack":null}
{"timestamp":"2026-02-11T21:19:37.225516","level":"DEBUG","tag":"","message":"[HOT-RELOAD] 📁 File: lib/views/api/partials/api-response.flint.html","error":null,"stack":null}
{"timestamp":"2026-02-11T21:19:45.825354","level":"DEBUG","tag":"","message":"[HOT-RELOAD] 🔄 Template changed: guides.partials.getting-started-routing","error":null,"stack":null}
{"timestamp":"2026-02-11T21:19:45.826072","level":"DEBUG","tag":"","message":"[HOT-RELOAD] 📁 File: lib/views/guides/partials/getting-started-routing.flint.html","error":null,"stack":null}
{"timestamp":"2026-02-11T21:26:48.228600","level":"DEBUG","tag":"","message":"[HOT-RELOAD] 🔄 Template changed: guides.partials.getting-started-views","error":null,"stack":null}
{"timestamp":"2026-02-11T21:26:48.228945","level":"DEBUG","tag":"","message":"[HOT-RELOAD] 📁 File: lib/views/guides/partials/getting-started-views.flint.html","error":null,"stack":null}
{"timestamp":"2026-02-11T21:32:30.843114","level":"DEBUG","tag":"","message":"[HOT-RELOAD] 🔄 Template changed: layouts.app","error":null,"stack":null}
{"timestamp":"2026-02-11T21:32:30.843409","level":"DEBUG","tag":"","message":"[HOT-RELOAD] 📁 File: lib/views/layouts/app.flint.html","error":null,"stack":null}
{"timestamp":"2026-02-11T21:33:51.777042","level":"DEBUG","tag":"","message":"[HOT-RELOAD] 🔄 Restarting server...","error":null,"stack":null}
{"timestamp":"2026-02-11T21:33:51.777594","level":"DEBUG","tag":"","message":"♻️ Stopping old server...","error":null,"stack":null}
{"timestamp":"2026-02-11T21:33:51.816777","level":"DEBUG","tag":"","message":"🚀 Starting server...","error":null,"stack":null}
{"timestamp":"2026-02-11T21:33:53.825848","level":"DEBUG","tag":"","message":"✅ Server started","error":null,"stack":null}
{"timestamp":"2026-02-11T21:33:59.071194","level":"DEBUG","tag":"","message":"[HOT-RELOAD] 🔄 Template changed: layouts.app","error":null,"stack":null}
{"timestamp":"2026-02-11T21:33:59.071448","level":"DEBUG","tag":"","message":"[HOT-RELOAD] 📁 File: lib/views/layouts/app.flint.html","error":null,"stack":null}
{"timestamp":"2026-02-11T21:34:00.213282","level":"DEBUG","tag":"","message":"[FLINT] ⚠️ Hot reload is ENABLED.","error":null,"stack":null}
{"timestamp":"2026-02-11T21:34:00.220579","level":"DEBUG","tag":"","message":"FLINT_HOT=1","error":null,"stack":null}
{"timestamp":"2026-02-11T21:34:00.243378","level":"DEBUG","tag":"","message":"[FLINT] Server Worker running on http://localhost:3030 (PID: 30781)","error":null,"stack":null}
{"timestamp":"2026-02-11T21:34:00.247276","level":"DEBUG","tag":"","message":"[FLINT] Database auto-connected via .env","error":null,"stack":null}
{"timestamp":"2026-02-11T21:34:00.248747","level":"DEBUG","tag":"","message":"📧 Mail server configured for Eucloudhost <noreply@eulogia.net>@smtp.gmail.com","error":null,"stack":null}
{"timestamp":"2026-02-11T21:34:00.249558","level":"INFO","tag":"","message":"📧 Mail configured using provider: gmail","error":null,"stack":null}
{"timestamp":"2026-02-11T21:34:00.415493","level":"DEBUG","tag":"","message":"[DEBUG] Swagger UI directory: /home/aim/Projects/eulogia/flint/flint_dart/lib/swagger/swagger-ui","error":null,"stack":null}
{"timestamp":"2026-02-11T21:34:00.528363","level":"DEBUG","tag":"","message":"✅ MySQL connected to flint_docs@localhost:3306","error":null,"stack":null}
{"timestamp":"2026-02-11T21:35:56.183825","level":"DEBUG","tag":"","message":"[HOT-RELOAD] 🔄 Restarting server...","error":null,"stack":null}
{"timestamp":"2026-02-11T21:35:56.184110","level":"DEBUG","tag":"","message":"♻️ Stopping old server...","error":null,"stack":null}
{"timestamp":"2026-02-11T21:35:56.230285","level":"DEBUG","tag":"","message":"🚀 Starting server...","error":null,"stack":null}
{"timestamp":"2026-02-11T21:35:58.236834","level":"DEBUG","tag":"","message":"✅ Server started","error":null,"stack":null}
{"timestamp":"2026-02-11T21:36:04.356695","level":"DEBUG","tag":"","message":"[FLINT] ⚠️ Hot reload is ENABLED.","error":null,"stack":null}
{"timestamp":"2026-02-11T21:36:04.365465","level":"DEBUG","tag":"","message":"FLINT_HOT=1","error":null,"stack":null}
{"timestamp":"2026-02-11T21:36:04.391075","level":"DEBUG","tag":"","message":"[FLINT] Server Worker running on http://localhost:3030 (PID: 31512)","error":null,"stack":null}
{"timestamp":"2026-02-11T21:36:04.400338","level":"DEBUG","tag":"","message":"[FLINT] Database auto-connected via .env","error":null,"stack":null}
{"timestamp":"2026-02-11T21:36:04.402066","level":"DEBUG","tag":"","message":"📧 Mail server configured for Eucloudhost <noreply@eulogia.net>@smtp.gmail.com","error":null,"stack":null}
{"timestamp":"2026-02-11T21:36:04.402635","level":"INFO","tag":"","message":"📧 Mail configured using provider: gmail","error":null,"stack":null}
{"timestamp":"2026-02-11T21:36:04.569814","level":"DEBUG","tag":"","message":"[DEBUG] Swagger UI directory: /home/aim/Projects/eulogia/flint/flint_dart/lib/swagger/swagger-ui","error":null,"stack":null}
{"timestamp":"2026-02-11T21:36:04.679178","level":"DEBUG","tag":"","message":"✅ MySQL connected to flint_docs@localhost:3306","error":null,"stack":null}
{"timestamp":"2026-02-11T21:36:09.546598","level":"DEBUG","tag":"","message":"[HOT-RELOAD] 🔄 Template changed: blog.index","error":null,"stack":null}
{"timestamp":"2026-02-11T21:36:09.547253","level":"DEBUG","tag":"","message":"[HOT-RELOAD] 📁 File: lib/views/blog/index.flint.html","error":null,"stack":null}
{"timestamp":"2026-02-11T21:36:18.694899","level":"DEBUG","tag":"","message":"[HOT-RELOAD] 🔄 Template changed: blog.write","error":null,"stack":null}
{"timestamp":"2026-02-11T21:36:18.695200","level":"DEBUG","tag":"","message":"[HOT-RELOAD] 📁 File: lib/views/blog/write.flint.html","error":null,"stack":null}
{"timestamp":"2026-02-11T21:41:37.137796","level":"DEBUG","tag":"","message":"[HOT-RELOAD] 🔄 Restarting server...","error":null,"stack":null}
{"timestamp":"2026-02-11T21:41:37.138299","level":"DEBUG","tag":"","message":"♻️ Stopping old server...","error":null,"stack":null}
{"timestamp":"2026-02-11T21:41:37.185984","level":"DEBUG","tag":"","message":"🚀 Starting server...","error":null,"stack":null}
{"timestamp":"2026-02-11T21:41:39.196870","level":"DEBUG","tag":"","message":"✅ Server started","error":null,"stack":null}
{"timestamp":"2026-02-11T21:41:47.935001","level":"DEBUG","tag":"","message":"[FLINT] ⚠️ Hot reload is ENABLED.","error":null,"stack":null}
{"timestamp":"2026-02-11T21:41:47.944086","level":"DEBUG","tag":"","message":"FLINT_HOT=1","error":null,"stack":null}
{"timestamp":"2026-02-11T21:41:47.984537","level":"DEBUG","tag":"","message":"[FLINT] Server Worker running on http://localhost:3030 (PID: 33798)","error":null,"stack":null}
{"timestamp":"2026-02-11T21:41:47.990060","level":"DEBUG","tag":"","message":"[FLINT] Database auto-connected via .env","error":null,"stack":null}
{"timestamp":"2026-02-11T21:41:47.992101","level":"DEBUG","tag":"","message":"📧 Mail server configured for Eucloudhost <noreply@eulogia.net>@smtp.gmail.com","error":null,"stack":null}
{"timestamp":"2026-02-11T21:41:47.992755","level":"INFO","tag":"","message":"📧 Mail configured using provider: gmail","error":null,"stack":null}
{"timestamp":"2026-02-11T21:41:48.202381","level":"DEBUG","tag":"","message":"[DEBUG] Swagger UI directory: /home/aim/Projects/eulogia/flint/flint_dart/lib/swagger/swagger-ui","error":null,"stack":null}
{"timestamp":"2026-02-11T21:41:48.317781","level":"DEBUG","tag":"","message":"✅ MySQL connected to flint_docs@localhost:3306","error":null,"stack":null}
{"timestamp":"2026-02-11T22:43:06.739410","level":"DEBUG","tag":"","message":"[HOT-RELOAD] 🔄 Template changed: home","error":null,"stack":null}
{"timestamp":"2026-02-11T22:43:06.740407","level":"DEBUG","tag":"","message":"[HOT-RELOAD] 📁 File: lib/views/home.flint.html","error":null,"stack":null}
{"timestamp":"2026-02-11T22:43:11.622460","level":"DEBUG","tag":"","message":"[HOT-RELOAD] 🔄 Template changed: examples.index","error":null,"stack":null}
{"timestamp":"2026-02-11T22:43:11.623729","level":"DEBUG","tag":"","message":"[HOT-RELOAD] 📁 File: lib/views/examples/index.flint.html","error":null,"stack":null}
{"timestamp":"2026-02-11T22:43:19.925284","level":"DEBUG","tag":"","message":"[HOT-RELOAD] 🔄 Template changed: guides.getting-started","error":null,"stack":null}
{"timestamp":"2026-02-11T22:43:19.926193","level":"DEBUG","tag":"","message":"[HOT-RELOAD] 📁 File: lib/views/guides/getting-started.flint.html","error":null,"stack":null}
{"timestamp":"2026-02-11T22:43:25.397369","level":"DEBUG","tag":"","message":"[HOT-RELOAD] 🔄 Template changed: layouts.app","error":null,"stack":null}
{"timestamp":"2026-02-11T22:43:25.398056","level":"DEBUG","tag":"","message":"[HOT-RELOAD] 📁 File: lib/views/layouts/app.flint.html","error":null,"stack":null}
{"timestamp":"2026-02-11T22:53:25.820110","level":"DEBUG","tag":"","message":"🚀 Starting database migration...","error":null,"stack":null}
{"timestamp":"2026-02-11T22:53:41.437309","level":"DEBUG","tag":"","message":"✅ MySQL connected to flint_docs@localhost:3306","error":null,"stack":null}
{"timestamp":"2026-02-11T22:53:41.827911","level":"DEBUG","tag":"","message":"📋 Loaded 5 table definitions from registry.","error":null,"stack":null}
{"timestamp":"2026-02-11T22:53:42.415768","level":"DEBUG","tag":"","message":"✅ MySQL connected to flint_docs@localhost:3306","error":null,"stack":null}
{"timestamp":"2026-02-11T22:53:42.416409","level":"DEBUG","tag":"","message":"Found 5 tables. Migrating...","error":null,"stack":null}
{"timestamp":"2026-02-11T22:53:42.420783","level":"DEBUG","tag":"","message":"   🔹 Processing table: users","error":null,"stack":null}
{"timestamp":"2026-02-11T22:53:42.557523","level":"DEBUG","tag":"","message":"   ✅ Table \"users\" migrated successfully.","error":null,"stack":null}
{"timestamp":"2026-02-11T22:53:42.561076","level":"DEBUG","tag":"","message":"   🔹 Processing table: blog_posts","error":null,"stack":null}
{"timestamp":"2026-02-11T22:53:42.593871","level":"DEBUG","tag":"","message":"   ✅ Table \"blog_posts\" migrated successfully.","error":null,"stack":null}
{"timestamp":"2026-02-11T22:53:42.594739","level":"DEBUG","tag":"","message":"   🔹 Processing table: questions","error":null,"stack":null}
{"timestamp":"2026-02-11T22:53:42.633490","level":"DEBUG","tag":"","message":"   ✅ Table \"questions\" migrated successfully.","error":null,"stack":null}
{"timestamp":"2026-02-11T22:53:42.634473","level":"DEBUG","tag":"","message":"   🔹 Processing table: answers","error":null,"stack":null}
{"timestamp":"2026-02-11T22:53:42.673272","level":"DEBUG","tag":"","message":"   ✅ Table \"answers\" migrated successfully.","error":null,"stack":null}
{"timestamp":"2026-02-11T22:53:42.674128","level":"DEBUG","tag":"","message":"   🔹 Processing table: comments","error":null,"stack":null}
{"timestamp":"2026-02-11T22:53:42.705485","level":"DEBUG","tag":"","message":"   ✅ Table \"comments\" migrated successfully.","error":null,"stack":null}
{"timestamp":"2026-02-11T22:53:42.706019","level":"DEBUG","tag":"","message":"✅ Migration completed successfully.","error":null,"stack":null}
{"timestamp":"2026-02-11T22:53:42.734873","level":"DEBUG","tag":"","message":"✅ MySQL connection closed","error":null,"stack":null}
